<?xml version="1.0" encoding="UTF-8"?>
<robot generator="Robot 6.0.2 (Python 3.11.1 on win32)" generated="20231106 13:49:29.759" rpa="false" schemaversion="3">
<suite id="s1" name="Suites">
<suite id="s1-s1" name="Dynamic" source="C:\Users\Alaa Ahmed\PycharmProjects\test\TestCase\dynamic.robot">
<test id="s1-s1-t1" name="Login1" line="16">
<kw name="Create Session" library="RequestsLibrary">
<arg>Login_session</arg>
<arg>${git_api}</arg>
<doc>Create Session: create a HTTP session to a server</doc>
<msg timestamp="20231106 13:49:30.638" level="INFO">Creating Session using : alias=Login_session, url=https://api.github.com, headers={},                     cookies={}, auth=None, timeout=None, proxies=None, verify=False,                     debug=0 </msg>
<status status="PASS" starttime="20231106 13:49:30.637" endtime="20231106 13:49:30.638"/>
</kw>
<kw name="Create Dictionary" library="BuiltIn">
<var>${header}</var>
<arg>Content-Type=application/json</arg>
<arg>Authorization=${token}</arg>
<doc>Creates and returns a dictionary based on the given ``items``.</doc>
<msg timestamp="20231106 13:49:30.641" level="INFO">${header} = {'Content-Type': 'application/json', 'Authorization': 'Bearer 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'}</msg>
<status status="PASS" starttime="20231106 13:49:30.640" endtime="20231106 13:49:30.641"/>
</kw>
<kw name="GET On Session" library="RequestsLibrary">
<var>${response}</var>
<arg>Login_session</arg>
<arg>/users/AlaaAhmed123/repos</arg>
<arg>headers=${header}</arg>
<doc>Sends a GET request on a previously created HTTP Session.</doc>
<msg timestamp="20231106 13:49:31.817" level="INFO">GET Request : url=https://api.github.com/users/AlaaAhmed123/repos 
 path_url=/users/AlaaAhmed123/repos 
 headers={'User-Agent': 'python-requests/2.31.0', 'Accept-Encoding': 'gzip, deflate', 'Accept': '*/*', 'Connection': 'keep-alive', 'Content-Type': 'application/json', 'Authorization': 'Bearer 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'} 
 body=None 
 </msg>
<msg timestamp="20231106 13:49:31.817" level="INFO">GET Response : url=https://api.github.com/users/AlaaAhmed123/repos 
 status=200, reason=OK 
 headers={'Server': 'GitHub.com', 'Date': 'Mon, 06 Nov 2023 11:49:32 GMT', 'Content-Type': 'application/json; charset=utf-8', 'Transfer-Encoding': 'chunked', 'Cache-Control': 'private, max-age=60, s-maxage=60', 'Vary': 'Accept, Authorization, Cookie, X-GitHub-OTP, Accept-Encoding, Accept, X-Requested-With', 'ETag': 'W/"21091fcfe92bdd30426261301277168fcaf518297e4380befc02259329f4271a"', 'X-OAuth-Scopes': '', 'X-Accepted-OAuth-Scopes': '', 'github-authentication-token-expiration': '2023-11-29 12:45:02 UTC', 'X-GitHub-Media-Type': 'github.v3; format=json', 'x-github-api-version-selected': '2022-11-28', 'X-RateLimit-Limit': '5000', 'X-RateLimit-Remaining': '4999', 'X-RateLimit-Reset': '1699274972', 'X-RateLimit-Used': '1', 'X-RateLimit-Resource': 'core', 'Access-Control-Expose-Headers': 'ETag, Link, Location, Retry-After, X-GitHub-OTP, X-RateLimit-Limit, X-RateLimit-Remaining, X-RateLimit-Used, X-RateLimit-Resource, X-RateLimit-Reset, X-OAuth-Scopes, X-Accepted-OAuth-Scopes, X-Poll-Interval, X-GitHub-Media-Type, X-GitHub-SSO, X-GitHub-Request-Id, Deprecation, Sunset', 'Access-Control-Allow-Origin': '*', 'Strict-Transport-Security': 'max-age=31536000; includeSubdomains; preload', 'X-Frame-Options': 'deny', 'X-Content-Type-Options': 'nosniff', 'X-XSS-Protection': '0', 'Referrer-Policy': 'origin-when-cross-origin, strict-origin-when-cross-origin', 'Content-Security-Policy': "default-src 'none'", 'Content-Encoding': 'gzip', 'X-GitHub-Request-Id': '3D34:C346:AF1FD15:B1832C8:6548D2CB'} 
 body=[{"id":532543046,"node_id":"R_kgDOH732Rg","name":"automation-test-script-","full_name":"AlaaAhmed123/automation-test-script-","private":false,"owner":{"login":"AlaaAhmed123","id":70155880,"node_id":"MDQ6VXNlcjcwMTU1ODgw","avatar_url":"https://avatars.githubusercontent.com/u/70155880?v=4","gravatar_id":"","url":"https://api.github.com/users/AlaaAhmed123","html_url":"https://github.com/AlaaAhmed123","followers_url":"https://api.github.com/users/AlaaAhmed123/followers","following_url":"https://api.github.com/users/AlaaAhmed123/following{/other_user}","gists_url":"https://api.github.com/users/AlaaAhmed123/gists{/gist_id}","starred_url":"https://api.github.com/users/AlaaAhmed123/starred{/owner}{/repo}","subscriptions_url":"https://api.github.com/users/AlaaAhmed123/subscriptions","organizations_url":"https://api.github.com/users/AlaaAhmed123/orgs","repos_url":"https://api.github.com/users/AlaaAhmed123/repos","events_url":"https://api.github.com/users/AlaaAhmed123/events{/privacy}","received_events_url":"https://api.github.com/users/AlaaAhmed123/received_events","type":"User","site_admin":false},"html_url":"https://github.com/AlaaAhmed123/automation-test-script-","description":null,"fork":false,"url":"https://api.github.com/repos/AlaaAhmed123/automation-test-script-","forks_url":"https://api.github.com/repos/AlaaAhmed123/automation-test-script-/forks","keys_url":"https://api.github.com/repos/AlaaAhmed123/automation-test-script-/keys{/key_id}","collaborators_url":"https://api.github.com/repos/AlaaAhmed123/automation-test-script-/collaborators{/collaborator}","teams_url":"https://api.github.com/repos/AlaaAhmed123/automation-test-script-/teams","hooks_url":"https://api.github.com/repos/AlaaAhmed123/automation-test-script-/hooks","issue_events_url":"https://api.github.com/repos/AlaaAhmed123/automation-test-script-/issues/events{/number}","events_url":"https://api.github.com/repos/AlaaAhmed123/automation-test-script-/events","assignees_url":"https://api.github.com/repos/AlaaAhmed123/automation-test-script-/assignees{/user}","branches_url":"https://api.github.com/repos/AlaaAhmed123/automation-test-script-/branches{/branch}","tags_url":"https://api.github.com/repos/AlaaAhmed123/automation-test-script-/tags","blobs_url":"https://api.github.com/repos/AlaaAhmed123/automation-test-script-/git/blobs{/sha}","git_tags_url":"https://api.github.com/repos/AlaaAhmed123/automation-test-script-/git/tags{/sha}","git_refs_url":"https://api.github.com/repos/AlaaAhmed123/automation-test-script-/git/refs{/sha}","trees_url":"https://api.github.com/repos/AlaaAhmed123/automation-test-script-/git/trees{/sha}","statuses_url":"https://api.github.com/repos/AlaaAhmed123/automation-test-script-/statuses/{sha}","languages_url":"https://api.github.com/repos/AlaaAhmed123/automation-test-script-/languages","stargazers_url":"https://api.github.com/repos/AlaaAhmed123/automation-test-script-/stargazers","contributors_url":"https://api.github.com/repos/AlaaAhmed123/automation-test-script-/contributors","subscribers_url":"https://api.github.com/repos/AlaaAhmed123/automation-test-script-/subscribers","subscription_url":"https://api.github.com/repos/AlaaAhmed123/automation-test-script-/subscription","commits_url":"https://api.github.com/repos/AlaaAhmed123/automation-test-script-/commits{/sha}","git_commits_url":"https://api.github.com/repos/AlaaAhmed123/automation-test-script-/git/commits{/sha}","comments_url":"https://api.github.com/repos/AlaaAhmed123/automation-test-script-/comments{/number}","issue_comment_url":"https://api.github.com/repos/AlaaAhmed123/automation-test-script-/issues/comments{/number}","contents_url":"https://api.github.com/repos/AlaaAhmed123/automation-test-script-/contents/{+path}","compare_url":"https://api.github.com/repos/AlaaAhmed123/automation-test-script-/compare/{base}...{head}","merges_url":"https://api.github.com/repos/AlaaAhmed123/automation-test-script-/merges","archive_url":"https://api.github.com/repos/AlaaAhmed123/automation-test-script-/{archive_format}{/ref}","downloads_url":"https://api.github.com/repos/AlaaAhmed123/automation-test-script-/downloads","issues_url":"https://api.github.com/repos/AlaaAhmed123/automation-test-script-/issues{/number}","pulls_url":"https://api.github.com/repos/AlaaAhmed123/automation-test-script-/pulls{/number}","milestones_url":"https://api.github.com/repos/AlaaAhmed123/automation-test-script-/milestones{/number}","notifications_url":"https://api.github.com/repos/AlaaAhmed123/automation-test-script-/notifications{?since,all,participating}","labels_url":"https://api.github.com/repos/AlaaAhmed123/automation-test-script-/labels{/name}","releases_url":"https://api.github.com/repos/AlaaAhmed123/automation-test-script-/releases{/id}","deployments_url":"https://api.github.com/repos/AlaaAhmed123/automation-test-script-/deployments","created_at":"2022-09-04T13:05:44Z","updated_at":"2022-09-04T13:19:05Z","pushed_at":"2022-09-04T13:19:01Z","git_url":"git://github.com/AlaaAhmed123/automation-test-script-.git","ssh_url":"git@github.com:AlaaAhmed123/automation-test-script-.git","clone_url":"https://github.com/AlaaAhmed123/automation-test-script-.git","svn_url":"https://github.com/AlaaAhmed123/automation-test-script-","homepage":null,"size":26785,"stargazers_count":0,"watchers_count":0,"language":"HTML","has_issues":true,"has_projects":true,"has_downloads":true,"has_wiki":true,"has_pages":false,"has_discussions":false,"forks_count":0,"mirror_url":null,"archived":false,"disabled":false,"open_issues_count":0,"license":null,"allow_forking":true,"is_template":false,"web_commit_signoff_required":false,"topics":[],"visibility":"public","forks":0,"open_issues":0,"watchers":0,"default_branch":"master","permissions":{"admin":true,"maintain":true,"push":true,"triage":true,"pull":true}},{"id":302767933,"node_id":"MDEwOlJlcG9zaXRvcnkzMDI3Njc5MzM=","name":"clock_app","full_name":"AlaaAhmed123/clock_app","private":false,"owner":{"login":"AlaaAhmed123","id":70155880,"node_id":"MDQ6VXNlcjcwMTU1ODgw","avatar_url":"https://avatars.githubusercontent.com/u/70155880?v=4","gravatar_id":"","url":"https://api.github.com/users/AlaaAhmed123","html_url":"https://github.com/AlaaAhmed123","followers_url":"https://api.github.com/users/AlaaAhmed123/followers","following_url":"https://api.github.com/users/AlaaAhmed123/following{/other_user}","gists_url":"https://api.github.com/users/AlaaAhmed123/gists{/gist_id}","starred_url":"https://api.github.com/users/AlaaAhmed123/starred{/owner}{/repo}","subscriptions_url":"https://api.github.com/users/AlaaAhmed123/subscriptions","organizations_url":"https://api.github.com/users/AlaaAhmed123/orgs","repos_url":"https://api.github.com/users/AlaaAhmed123/repos","events_url":"https://api.github.com/users/AlaaAhmed123/events{/privacy}","received_events_url":"https://api.github.com/users/AlaaAhmed123/received_events","type":"User","site_admin":false},"html_url":"https://github.com/AlaaAhmed123/clock_app","description":null,"fork":false,"url":"https://api.github.com/repos/AlaaAhmed123/clock_app","forks_url":"https://api.github.com/repos/AlaaAhmed123/clock_app/forks","keys_url":"https://api.github.com/repos/AlaaAhmed123/clock_app/keys{/key_id}","collaborators_url":"https://api.github.com/repos/AlaaAhmed123/clock_app/collaborators{/collaborator}","teams_url":"https://api.github.com/repos/AlaaAhmed123/clock_app/teams","hooks_url":"https://api.github.com/repos/AlaaAhmed123/clock_app/hooks","issue_events_url":"https://api.github.com/repos/AlaaAhmed123/clock_app/issues/events{/number}","events_url":"https://api.github.com/repos/AlaaAhmed123/clock_app/events","assignees_url":"https://api.github.com/repos/AlaaAhmed123/clock_app/assignees{/user}","branches_url":"https://api.github.com/repos/AlaaAhmed123/clock_app/branches{/branch}","tags_url":"https://api.github.com/repos/AlaaAhmed123/clock_app/tags","blobs_url":"https://api.github.com/repos/AlaaAhmed123/clock_app/git/blobs{/sha}","git_tags_url":"https://api.github.com/repos/AlaaAhmed123/clock_app/git/tags{/sha}","git_refs_url":"https://api.github.com/repos/AlaaAhmed123/clock_app/git/refs{/sha}","trees_url":"https://api.github.com/repos/AlaaAhmed123/clock_app/git/trees{/sha}","statuses_url":"https://api.github.com/repos/AlaaAhmed123/clock_app/statuses/{sha}","languages_url":"https://api.github.com/repos/AlaaAhmed123/clock_app/languages","stargazers_url":"https://api.github.com/repos/AlaaAhmed123/clock_app/stargazers","contributors_url":"https://api.github.com/repos/AlaaAhmed123/clock_app/contributors","subscribers_url":"https://api.github.com/repos/AlaaAhmed123/clock_app/subscribers","subscription_url":"https://api.github.com/repos/AlaaAhmed123/clock_app/subscription","commits_url":"https://api.github.com/repos/AlaaAhmed123/clock_app/commits{/sha}","git_commits_url":"https://api.github.com/repos/AlaaAhmed123/clock_app/git/commits{/sha}","comments_url":"https://api.github.com/repos/AlaaAhmed123/clock_app/comments{/number}","issue_comment_url":"https://api.github.com/repos/AlaaAhmed123/clock_app/issues/comments{/number}","contents_url":"https://api.github.com/repos/AlaaAhmed123/clock_app/contents/{+path}","compare_url":"https://api.github.com/repos/AlaaAhmed123/clock_app/compare/{base}...{head}","merges_url":"https://api.github.com/repos/AlaaAhmed123/clock_app/merges","archive_url":"https://api.github.com/repos/AlaaAhmed123/clock_app/{archive_format}{/ref}","downloads_url":"https://api.github.com/repos/AlaaAhmed123/clock_app/downloads","issues_url":"https://api.github.com/repos/AlaaAhmed123/clock_app/issues{/number}","pulls_url":"https://api.github.com/repos/AlaaAhmed123/clock_app/pulls{/number}","milestones_url":"https://api.github.com/repos/AlaaAhmed123/clock_app/milestones{/number}","notifications_url":"https://api.github.com/repos/AlaaAhmed123/clock_app/notifications{?since,all,participating}","labels_url":"https://api.github.com/repos/AlaaAhmed123/clock_app/labels{/name}","releases_url":"https://api.github.com/repos/AlaaAhmed123/clock_app/releases{/id}","deployment... (set the log level to DEBUG or TRACE to see the full content) 
 </msg>
<msg timestamp="20231106 13:49:31.818" level="INFO">C:\Python\Lib\site-packages\urllib3\connectionpool.py:1056: InsecureRequestWarning: Unverified HTTPS request is being made to host 'api.github.com'. Adding certificate verification is strongly advised. See: https://urllib3.readthedocs.io/en/1.26.x/advanced-usage.html#ssl-warnings
  warnings.warn(</msg>
<msg timestamp="20231106 13:49:31.818" level="INFO">${response} = &lt;Response [200]&gt;</msg>
<status status="PASS" starttime="20231106 13:49:30.642" endtime="20231106 13:49:31.818"/>
</kw>
<kw name="To Json" library="RequestsLibrary">
<var>${resp_data}</var>
<arg>${response.content}</arg>
<doc>*DEPRECATED* Please use ${resp.json()} instead. Have a look at the improved HTML output as pretty printing replacement.</doc>
<msg timestamp="20231106 13:49:31.819" level="WARN">Keyword 'RequestsLibrary.To Json' is deprecated. Please use ${resp.json()} instead. Have a look at the improved HTML output as pretty printing replacement.</msg>
<msg timestamp="20231106 13:49:31.821" level="INFO">To JSON using : content=[{"id":532543046,"node_id":"R_kgDOH732Rg","name":"automation-test-script-","full_name":"AlaaAhmed123/automation-test-script-","private":false,"owner":{"login":"AlaaAhmed123","id":70155880,"node_id":"MDQ6VXNlcjcwMTU1ODgw","avatar_url":"https://avatars.githubusercontent.com/u/70155880?v=4","gravatar_id":"","url":"https://api.github.com/users/AlaaAhmed123","html_url":"https://github.com/AlaaAhmed123","followers_url":"https://api.github.com/users/AlaaAhmed123/followers","following_url":"https://api.github.com/users/AlaaAhmed123/following{/other_user}","gists_url":"https://api.github.com/users/AlaaAhmed123/gists{/gist_id}","starred_url":"https://api.github.com/users/AlaaAhmed123/starred{/owner}{/repo}","subscriptions_url":"https://api.github.com/users/AlaaAhmed123/subscriptions","organizations_url":"https://api.github.com/users/AlaaAhmed123/orgs","repos_url":"https://api.github.com/users/AlaaAhmed123/repos","events_url":"https://api.github.com/users/AlaaAhmed123/events{/privacy}","received_events_url":"https://api.github.com/users/AlaaAhmed123/received_events","type":"User","site_admin":false},"html_url":"https://github.com/AlaaAhmed123/automation-test-script-","description":null,"fork":false,"url":"https://api.github.com/repos/AlaaAhmed123/automation-test-script-","forks_url":"https://api.github.com/repos/AlaaAhmed123/automation-test-script-/forks","keys_url":"https://api.github.com/repos/AlaaAhmed123/automation-test-script-/keys{/key_id}","collaborators_url":"https://api.github.com/repos/AlaaAhmed123/automation-test-script-/collaborators{/collaborator}","teams_url":"https://api.github.com/repos/AlaaAhmed123/automation-test-script-/teams","hooks_url":"https://api.github.com/repos/AlaaAhmed123/automation-test-script-/hooks","issue_events_url":"https://api.github.com/repos/AlaaAhmed123/automation-test-script-/issues/events{/number}","events_url":"https://api.github.com/repos/AlaaAhmed123/automation-test-script-/events","assignees_url":"https://api.github.com/repos/AlaaAhmed123/automation-test-script-/assignees{/user}","branches_url":"https://api.github.com/repos/AlaaAhmed123/automation-test-script-/branches{/branch}","tags_url":"https://api.github.com/repos/AlaaAhmed123/automation-test-script-/tags","blobs_url":"https://api.github.com/repos/AlaaAhmed123/automation-test-script-/git/blobs{/sha}","git_tags_url":"https://api.github.com/repos/AlaaAhmed123/automation-test-script-/git/tags{/sha}","git_refs_url":"https://api.github.com/repos/AlaaAhmed123/automation-test-script-/git/refs{/sha}","trees_url":"https://api.github.com/repos/AlaaAhmed123/automation-test-script-/git/trees{/sha}","statuses_url":"https://api.github.com/repos/AlaaAhmed123/automation-test-script-/statuses/{sha}","languages_url":"https://api.github.com/repos/AlaaAhmed123/automation-test-script-/languages","stargazers_url":"https://api.github.com/repos/AlaaAhmed123/automation-test-script-/stargazers","contributors_url":"https://api.github.com/repos/AlaaAhmed123/automation-test-script-/contributors","subscribers_url":"https://api.github.com/repos/AlaaAhmed123/automation-test-script-/subscribers","subscription_url":"https://api.github.com/repos/AlaaAhmed123/automation-test-script-/subscription","commits_url":"https://api.github.com/repos/AlaaAhmed123/automation-test-script-/commits{/sha}","git_commits_url":"https://api.github.com/repos/AlaaAhmed123/automation-test-script-/git/commits{/sha}","comments_url":"https://api.github.com/repos/AlaaAhmed123/automation-test-script-/comments{/number}","issue_comment_url":"https://api.github.com/repos/AlaaAhmed123/automation-test-script-/issues/comments{/number}","contents_url":"https://api.github.com/repos/AlaaAhmed123/automation-test-script-/contents/{+path}","compare_url":"https://api.github.com/repos/AlaaAhmed123/automation-test-script-/compare/{base}...{head}","merges_url":"https://api.github.com/repos/AlaaAhmed123/automation-test-script-/merges","archive_url":"https://api.github.com/repos/AlaaAhmed123/automation-test-script-/{archive_format}{/ref}","downloads_url":"https://api.github.com/repos/AlaaAhmed123/automation-test-script-/downloads","issues_url":"https://api.github.com/repos/AlaaAhmed123/automation-test-script-/issues{/number}","pulls_url":"https://api.github.com/repos/AlaaAhmed123/automation-test-script-/pulls{/number}","milestones_url":"https://api.github.com/repos/AlaaAhmed123/automation-test-script-/milestones{/number}","notifications_url":"https://api.github.com/repos/AlaaAhmed123/automation-test-script-/notifications{?since,all,participating}","labels_url":"https://api.github.com/repos/AlaaAhmed123/automation-test-script-/labels{/name}","releases_url":"https://api.github.com/repos/AlaaAhmed123/automation-test-script-/releases{/id}","deployments_url":"https://api.github.com/repos/AlaaAhmed123/automation-test-script-/deployments","created_at":"2022-09-04T13:05:44Z","updated_at":"2022-09-04T13:19:05Z","pushed_at":"2022-09-04T13:19:01Z","git_url":"git://github.com/AlaaAhmed123/automation-test-script-.git","ssh_url":"git@github.com:AlaaAhmed123/automation-test-script-.git","clone_url":"https://github.com/AlaaAhmed123/automation-test-script-.git","svn_url":"https://github.com/AlaaAhmed123/automation-test-script-","homepage":null,"size":26785,"stargazers_count":0,"watchers_count":0,"language":"HTML","has_issues":true,"has_projects":true,"has_downloads":true,"has_wiki":true,"has_pages":false,"has_discussions":false,"forks_count":0,"mirror_url":null,"archived":false,"disabled":false,"open_issues_count":0,"license":null,"allow_forking":true,"is_template":false,"web_commit_signoff_required":false,"topics":[],"visibility":"public","forks":0,"open_issues":0,"watchers":0,"default_branch":"master","permissions":{"admin":true,"maintain":true,"push":true,"triage":true,"pull":true}},{"id":302767933,"node_id":"MDEwOlJlcG9zaXRvcnkzMDI3Njc5MzM=","name":"clock_app","full_name":"AlaaAhmed123/clock_app","private":false,"owner":{"login":"AlaaAhmed123","id":70155880,"node_id":"MDQ6VXNlcjcwMTU1ODgw","avatar_url":"https://avatars.githubusercontent.com/u/70155880?v=4","gravatar_id":"","url":"https://api.github.com/users/AlaaAhmed123","html_url":"https://github.com/AlaaAhmed123","followers_url":"https://api.github.com/users/AlaaAhmed123/followers","following_url":"https://api.github.com/users/AlaaAhmed123/following{/other_user}","gists_url":"https://api.github.com/users/AlaaAhmed123/gists{/gist_id}","starred_url":"https://api.github.com/users/AlaaAhmed123/starred{/owner}{/repo}","subscriptions_url":"https://api.github.com/users/AlaaAhmed123/subscriptions","organizations_url":"https://api.github.com/users/AlaaAhmed123/orgs","repos_url":"https://api.github.com/users/AlaaAhmed123/repos","events_url":"https://api.github.com/users/AlaaAhmed123/events{/privacy}","received_events_url":"https://api.github.com/users/AlaaAhmed123/received_events","type":"User","site_admin":false},"html_url":"https://github.com/AlaaAhmed123/clock_app","description":null,"fork":false,"url":"https://api.github.com/repos/AlaaAhmed123/clock_app","forks_url":"https://api.github.com/repos/AlaaAhmed123/clock_app/forks","keys_url":"https://api.github.com/repos/AlaaAhmed123/clock_app/keys{/key_id}","collaborators_url":"https://api.github.com/repos/AlaaAhmed123/clock_app/collaborators{/collaborator}","teams_url":"https://api.github.com/repos/AlaaAhmed123/clock_app/teams","hooks_url":"https://api.github.com/repos/AlaaAhmed123/clock_app/hooks","issue_events_url":"https://api.github.com/repos/AlaaAhmed123/clock_app/issues/events{/number}","events_url":"https://api.github.com/repos/AlaaAhmed123/clock_app/events","assignees_url":"https://api.github.com/repos/AlaaAhmed123/clock_app/assignees{/user}","branches_url":"https://api.github.com/repos/AlaaAhmed123/clock_app/branches{/branch}","tags_url":"https://api.github.com/repos/AlaaAhmed123/clock_app/tags","blobs_url":"https://api.github.com/repos/AlaaAhmed123/clock_app/git/blobs{/sha}","git_tags_url":"https://api.github.com/repos/AlaaAhmed123/clock_app/git/tags{/sha}","git_refs_url":"https://api.github.com/repos/AlaaAhmed123/clock_app/git/refs{/sha}","trees_url":"https://api.github.com/repos/AlaaAhmed123/clock_app/git/trees{/sha}","statuses_url":"https://api.github.com/repos/AlaaAhmed123/clock_app/statuses/{sha}","languages_url":"https://api.github.com/repos/AlaaAhmed123/clock_app/languages","stargazers_url":"https://api.github.com/repos/AlaaAhmed123/clock_app/stargazers","contributors_url":"https://api.github.com/repos/AlaaAhmed123/clock_app/contributors","subscribers_url":"https://api.github.com/repos/AlaaAhmed123/clock_app/subscribers","subscription_url":"https://api.github.com/repos/AlaaAhmed123/clock_app/subscription","commits_url":"https://api.github.com/repos/AlaaAhmed123/clock_app/commits{/sha}","git_commits_url":"https://api.github.com/repos/AlaaAhmed123/clock_app/git/commits{/sha}","comments_url":"https://api.github.com/repos/AlaaAhmed123/clock_app/comments{/number}","issue_comment_url":"https://api.github.com/repos/AlaaAhmed123/clock_app/issues/comments{/number}","contents_url":"https://api.github.com/repos/AlaaAhmed123/clock_app/contents/{+path}","compare_url":"https://api.github.com/repos/AlaaAhmed123/clock_app/compare/{base}...{head}","merges_url":"https://api.github.com/repos/AlaaAhmed123/clock_app/merges","archive_url":"https://api.github.com/repos/AlaaAhmed123/clock_app/{archive_format}{/ref}","downloads_url":"https://api.github.com/repos/AlaaAhmed123/clock_app/downloads","issues_url":"https://api.github.com/repos/AlaaAhmed123/clock_app/issues{/number}","pulls_url":"https://api.github.com/repos/AlaaAhmed123/clock_app/pulls{/number}","milestones_url":"https://api.github.com/repos/AlaaAhmed123/clock_app/milestones{/number}","notifications_url":"https://api.github.com/repos/AlaaAhmed123/clock_app/notifications{?since,all,participating}","labels_url":"https://api.github.com/repos/AlaaAhmed123/clock_app/labels{/name}","releases_url":"https://api.github.com/repos/AlaaAhmed123/clock_app/releases{/id}","deployments_url":"https://api.github.com/repos/AlaaAhmed123/clock_app/deployments","created_at":"2020-10-09T22:41:39Z","updated_at":"2020-10-10T01:44:07Z","pushed_at":"2020-10-10T01:44:04Z","git_url":"git://github.com/AlaaAhmed123/clock_app.git","ssh_url":"git@github.com:AlaaAhmed123/clock_app.git","clone_url":"https://github.com/AlaaAhmed123/clock_app.git","svn_url":"https://github.com/AlaaAhmed123/clock_app","homepage":null,"size":56,"stargazers_count":0,"watchers_count":0,"language":"Dart","has_issues":true,"has_projects":true,"has_downloads":true,"has_wiki":true,"has_pages":false,"has_discussions":false,"forks_count":0,"mirror_url":null,"archived":false,"disabled":false,"open_issues_count":0,"license":null,"allow_forking":true,"is_template":false,"web_commit_signoff_required":false,"topics":[],"visibility":"public","forks":0,"open_issues":0,"watchers":0,"default_branch":"master","permissions":{"admin":true,"maintain":true,"push":true,"triage":true,"pull":true}},{"id":301771636,"node_id":"MDEwOlJlcG9zaXRvcnkzMDE3NzE2MzY=","name":"convertcurrency_app","full_name":"AlaaAhmed123/convertcurrency_app","private":false,"owner":{"login":"AlaaAhmed123","id":70155880,"node_id":"MDQ6VXNlcjcwMTU1ODgw","avatar_url":"https://avatars.githubusercontent.com/u/70155880?v=4","gravatar_id":"","url":"https://api.github.com/users/AlaaAhmed123","html_url":"https://github.com/AlaaAhmed123","followers_url":"https://api.github.com/users/AlaaAhmed123/followers","following_url":"https://api.github.com/users/AlaaAhmed123/following{/other_user}","gists_url":"https://api.github.com/users/AlaaAhmed123/gists{/gist_id}","starred_url":"https://api.github.com/users/AlaaAhmed123/starred{/owner}{/repo}","subscriptions_url":"https://api.github.com/users/AlaaAhmed123/subscriptions","organizations_url":"https://api.github.com/users/AlaaAhmed123/orgs","repos_url":"https://api.github.com/users/AlaaAhmed123/repos","events_url":"https://api.github.com/users/AlaaAhmed123/events{/privacy}","received_events_url":"https://api.github.com/users/AlaaAhmed123/received_events","type":"User","site_admin":false},"html_url":"https://github.com/AlaaAhmed123/convertcurrency_app","description":null,"fork":false,"url":"https://api.github.com/repos/AlaaAhmed123/convertcurrency_app","forks_url":"https://api.github.com/repos/AlaaAhmed123/convertcurrency_app/forks","keys_url":"https://api.github.com/repos/AlaaAhmed123/convertcurrency_app/keys{/key_id}","collaborators_url":"https://api.github.com/repos/AlaaAhmed123/convertcurrency_app/collaborators{/collaborator}","teams_url":"https://api.github.com/repos/AlaaAhmed123/convertcurrency_app/teams","hooks_url":"https://api.github.com/repos/AlaaAhmed123/convertcurrency_app/hooks","issue_events_url":"https://api.github.com/repos/AlaaAhmed123/convertcurrency_app/issues/events{/number}","events_url":"https://api.github.com/repos/AlaaAhmed123/convertcurrency_app/events","assignees_url":"https://api.github.com/repos/AlaaAhmed123/convertcurrency_app/assignees{/user}","branches_url":"https://api.github.com/repos/AlaaAhmed123/convertcurrency_app/branches{/branch}","tags_url":"https://api.github.com/repos/AlaaAhmed123/convertcurrency_app/tags","blobs_url":"https://api.github.com/repos/AlaaAhmed123/convertcurrency_app/git/blobs{/sha}","git_tags_url":"https://api.github.com/repos/AlaaAhmed123/convertcurrency_app/git/tags{/sha}","git_refs_url":"https://api.github.com/repos/AlaaAhmed123/convertcurrency_app/git/refs{/sha}","trees_url":"https://api.github.com/repos/AlaaAhmed123/convertcurrency_app/git/trees{/sha}","statuses_url":"https://api.github.com/repos/AlaaAhmed123/convertcurrency_app/statuses/{sha}","languages_url":"https://api.github.com/repos/AlaaAhmed123/convertcurrency_app/languages","stargazers_url":"https://api.github.com/repos/AlaaAhmed123/convertcurrency_app/stargazers","contributors_url":"https://api.github.com/repos/AlaaAhmed123/convertcurrency_app/contributors","subscribers_url":"https://api.github.com/repos/AlaaAhmed123/convertcurrency_app/subscribers","subscription_url":"https://api.github.com/repos/AlaaAhmed123/convertcurrency_app/subscription","commits_url":"https://api.github.com/repos/AlaaAhmed123/convertcurrency_app/commits{/sha}","git_commits_url":"https://api.github.com/repos/AlaaAhmed123/convertcurrency_app/git/commits{/sha}","comments_url":"https://api.github.com/repos/AlaaAhmed123/convertcurrency_app/comments{/number}","issue_comment_url":"https://api.github.com/repos/AlaaAhmed123/convertcurrency_app/issues/comments{/number}","contents_url":"https://api.github.com/repos/AlaaAhmed123/convertcurrency_app/contents/{+path}","compare_url":"https://api.github.com/repos/AlaaAhmed123/convertcurrency_app/compare/{base}...{head}","merges_url":"https://api.github.com/repos/AlaaAhmed123/convertcurrency_app/merges","archive_url":"https://api.github.com/repos/AlaaAhmed123/convertcurrency_app/{archive_format}{/ref}","downloads_url":"https://api.github.com/repos/AlaaAhmed123/convertcurrency_app/downloads","issues_url":"https://api.github.com/repos/AlaaAhmed123/convertcurrency_app/issues{/number}","pulls_url":"https://api.github.com/repos/AlaaAhmed123/convertcurrency_app/pulls{/number}","milestones_url":"https://api.github.com/repos/AlaaAhmed123/convertcurrency_app/milestones{/number}","notifications_url":"https://api.github.com/repos/AlaaAhmed123/convertcurrency_app/notifications{?since,all,participating}","labels_url":"https://api.github.com/repos/AlaaAhmed123/convertcurrency_app/labels{/name}","releases_url":"https://api.github.com/repos/AlaaAhmed123/convertcurrency_app/releases{/id}","deployments_url":"https://api.github.com/repos/AlaaAhmed123/convertcurrency_app/deployments","created_at":"2020-10-06T15:27:03Z","updated_at":"2020-10-31T03:19:23Z","pushed_at":"2020-10-31T03:19:21Z","git_url":"git://github.com/AlaaAhmed123/convertcurrency_app.git","ssh_url":"git@github.com:AlaaAhmed123/convertcurrency_app.git","clone_url":"https://github.com/AlaaAhmed123/convertcurrency_app.git","svn_url":"https://github.com/AlaaAhmed123/convertcurrency_app","homepage":null,"size":59,"stargazers_count":0,"watchers_count":0,"language":"Dart","has_issues":true,"has_projects":true,"has_downloads":true,"has_wiki":true,"has_pages":false,"has_discussions":false,"forks_count":0,"mirror_url":null,"archived":false,"disabled":false,"open_issues_count":0,"license":null,"allow_forking":true,"is_template":false,"web_commit_signoff_required":false,"topics":[],"visibility":"public","forks":0,"open_issues":0,"watchers":0,"default_branch":"master","permissions":{"admin":true,"maintain":true,"push":true,"triage":true,"pull":true}},{"id":368789102,"node_id":"MDEwOlJlcG9zaXRvcnkzNjg3ODkxMDI=","name":"covid-19","full_name":"AlaaAhmed123/covid-19","private":false,"owner":{"login":"AlaaAhmed123","id":70155880,"node_id":"MDQ6VXNlcjcwMTU1ODgw","avatar_url":"https://avatars.githubusercontent.com/u/70155880?v=4","gravatar_id":"","url":"https://api.github.com/users/AlaaAhmed123","html_url":"https://github.com/AlaaAhmed123","followers_url":"https://api.github.com/users/AlaaAhmed123/followers","following_url":"https://api.github.com/users/AlaaAhmed123/following{/other_user}","gists_url":"https://api.github.com/users/AlaaAhmed123/gists{/gist_id}","starred_url":"https://api.github.com/users/AlaaAhmed123/starred{/owner}{/repo}","subscriptions_url":"https://api.github.com/users/AlaaAhmed123/subscriptions","organizations_url":"https://api.github.com/users/AlaaAhmed123/orgs","repos_url":"https://api.github.com/users/AlaaAhmed123/repos","events_url":"https://api.github.com/users/AlaaAhmed123/events{/privacy}","received_events_url":"https://api.github.com/users/AlaaAhmed123/received_events","type":"User","site_admin":false},"html_url":"https://github.com/AlaaAhmed123/covid-19","description":null,"fork":false,"url":"https://api.github.com/repos/AlaaAhmed123/covid-19","forks_url":"https://api.github.com/repos/AlaaAhmed123/covid-19/forks","keys_url":"https://api.github.com/repos/AlaaAhmed123/covid-19/keys{/key_id}","collaborators_url":"https://api.github.com/repos/AlaaAhmed123/covid-19/collaborators{/collaborator}","teams_url":"https://api.github.com/repos/AlaaAhmed123/covid-19/teams","hooks_url":"https://api.github.com/repos/AlaaAhmed123/covid-19/hooks","issue_events_url":"https://api.github.com/repos/AlaaAhmed123/covid-19/issues/events{/number}","events_url":"https://api.github.com/repos/AlaaAhmed123/covid-19/events","assignees_url":"https://api.github.com/repos/AlaaAhmed123/covid-19/assignees{/user}","branches_url":"https://api.github.com/repos/AlaaAhmed123/covid-19/branches{/branch}","tags_url":"https://api.github.com/repos/AlaaAhmed123/covid-19/tags","blobs_url":"https://api.github.com/repos/AlaaAhmed123/covid-19/git/blobs{/sha}","git_tags_url":"https://api.github.com/repos/AlaaAhmed123/covid-19/git/tags{/sha}","git_refs_url":"https://api.github.com/repos/AlaaAhmed123/covid-19/git/refs{/sha}","trees_url":"https://api.github.com/repos/AlaaAhmed123/covid-19/git/trees{/sha}","statuses_url":"https://api.github.com/repos/AlaaAhmed123/covid-19/statuses/{sha}","languages_url":"https://api.github.com/repos/AlaaAhmed123/covid-19/languages","stargazers_url":"https://api.github.com/repos/AlaaAhmed123/covid-19/stargazers","contributors_url":"https://api.github.com/repos/AlaaAhmed123/covid-19/contributors","subscribers_url":"https://api.github.com/repos/AlaaAhmed123/covid-19/subscribers","subscription_url":"https://api.github.com/repos/AlaaAhmed123/covid-19/subscription","commits_url":"https://api.github.com/repos/AlaaAhmed123/covid-19/commits{/sha}","git_commits_url":"https://api.github.com/repos/AlaaAhmed123/covid-19/git/commits{/sha}","comments_url":"https://api.github.com/repos/AlaaAhmed123/covid-19/comments{/number}","issue_comment_url":"https://api.github.com/repos/AlaaAhmed123/covid-19/issues/comments{/number}","contents_url":"https://api.github.com/repos/AlaaAhmed123/covid-19/contents/{+path}","compare_url":"https://api.github.com/repos/AlaaAhmed123/covid-19/compare/{base}...{head}","merges_url":"https://api.github.com/repos/AlaaAhmed123/covid-19/merges","archive_url":"https://api.github.com/repos/AlaaAhmed123/covid-19/{archive_format}{/ref}","downloads_url":"https://api.github.com/repos/AlaaAhmed123/covid-19/downloads","issues_url":"https://api.github.com/repos/AlaaAhmed123/covid-19/issues{/number}","pulls_url":"https://api.github.com/repos/AlaaAhmed123/covid-19/pulls{/number}","milestones_url":"https://api.github.com/repos/AlaaAhmed123/covid-19/milestones{/number}","notifications_url":"https://api.github.com/repos/AlaaAhmed123/covid-19/notifications{?since,all,participating}","labels_url":"https://api.github.com/repos/AlaaAhmed123/covid-19/labels{/name}","releases_url":"https://api.github.com/repos/AlaaAhmed123/covid-19/releases{/id}","deployments_url":"https://api.github.com/repos/AlaaAhmed123/covid-19/deployments","created_at":"2021-05-19T07:59:37Z","updated_at":"2021-05-19T08:31:23Z","pushed_at":"2021-05-19T08:31:20Z","git_url":"git://github.com/AlaaAhmed123/covid-19.git","ssh_url":"git@github.com:AlaaAhmed123/covid-19.git","clone_url":"https://github.com/AlaaAhmed123/covid-19.git","svn_url":"https://github.com/AlaaAhmed123/covid-19","homepage":null,"size":74,"stargazers_count":0,"watchers_count":0,"language":"Dart","has_issues":true,"has_projects":true,"has_downloads":true,"has_wiki":true,"has_pages":false,"has_discussions":false,"forks_count":0,"mirror_url":null,"archived":false,"disabled":false,"open_issues_count":0,"license":null,"allow_forking":true,"is_template":false,"web_commit_signoff_required":false,"topics":[],"visibility":"public","forks":0,"open_issues":0,"watchers":0,"default_branch":"master","permissions":{"admin":true,"maintain":true,"push":true,"triage":true,"pull":true}},{"id":302767822,"node_id":"MDEwOlJlcG9zaXRvcnkzMDI3Njc4MjI=","name":"DashboardUi","full_name":"AlaaAhmed123/DashboardUi","private":false,"owner":{"login":"AlaaAhmed123","id":70155880,"node_id":"MDQ6VXNlcjcwMTU1ODgw","avatar_url":"https://avatars.githubusercontent.com/u/70155880?v=4","gravatar_id":"","url":"https://api.github.com/users/AlaaAhmed123","html_url":"https://github.com/AlaaAhmed123","followers_url":"https://api.github.com/users/AlaaAhmed123/followers","following_url":"https://api.github.com/users/AlaaAhmed123/following{/other_user}","gists_url":"https://api.github.com/users/AlaaAhmed123/gists{/gist_id}","starred_url":"https://api.github.com/users/AlaaAhmed123/starred{/owner}{/repo}","subscriptions_url":"https://api.github.com/users/AlaaAhmed123/subscriptions","organizations_url":"https://api.github.com/users/AlaaAhmed123/orgs","repos_url":"https://api.github.com/users/AlaaAhmed123/repos","events_url":"https://api.github.com/users/AlaaAhmed123/events{/privacy}","received_events_url":"https://api.github.com/users/AlaaAhmed123/received_events","type":"User","site_admin":false},"html_url":"https://github.com/AlaaAhmed123/DashboardUi","description":null,"fork":false,"url":"https://api.github.com/repos/AlaaAhmed123/DashboardUi","forks_url":"https://api.github.com/repos/AlaaAhmed123/DashboardUi/forks","keys_url":"https://api.github.com/repos/AlaaAhmed123/DashboardUi/keys{/key_id}","collaborators_url":"https://api.github.com/repos/AlaaAhmed123/DashboardUi/collaborators{/collaborator}","teams_url":"https://api.github.com/repos/AlaaAhmed123/DashboardUi/teams","hooks_url":"https://api.github.com/repos/AlaaAhmed123/DashboardUi/hooks","issue_events_url":"https://api.github.com/repos/AlaaAhmed123/DashboardUi/issues/events{/number}","events_url":"https://api.github.com/repos/AlaaAhmed123/DashboardUi/events","assignees_url":"https://api.github.com/repos/AlaaAhmed123/DashboardUi/assignees{/user}","branches_url":"https://api.github.com/repos/AlaaAhmed123/DashboardUi/branches{/branch}","tags_url":"https://api.github.com/repos/AlaaAhmed123/DashboardUi/tags","blobs_url":"https://api.github.com/repos/AlaaAhmed123/DashboardUi/git/blobs{/sha}","git_tags_url":"https://api.github.com/repos/AlaaAhmed123/DashboardUi/git/tags{/sha}","git_refs_url":"https://api.github.com/repos/AlaaAhmed123/DashboardUi/git/refs{/sha}","trees_url":"https://api.github.com/repos/AlaaAhmed123/DashboardUi/git/trees{/sha}","statuses_url":"https://api.github.com/repos/AlaaAhmed123/DashboardUi/statuses/{sha}","languages_url":"https://api.github.com/repos/AlaaAhmed123/DashboardUi/languages","stargazers_url":"https://api.github.com/repos/AlaaAhmed123/DashboardUi/stargazers","contributors_url":"https://api.github.com/repos/AlaaAhmed123/DashboardUi/contributors","subscribers_url":"https://api.github.com/repos/AlaaAhmed123/DashboardUi/subscribers","subscription_url":"https://api.github.com/repos/AlaaAhmed123/DashboardUi/subscription","commits_url":"https://api.github.com/repos/AlaaAhmed123/DashboardUi/commits{/sha}","git_commits_url":"https://api.github.com/repos/AlaaAhmed123/DashboardUi/git/commits{/sha}","comments_url":"https://api.github.com/repos/AlaaAhmed123/DashboardUi/comments{/number}","issue_comment_url":"https://api.github.com/repos/AlaaAhmed123/DashboardUi/issues/comments{/number}","contents_url":"https://api.github.com/repos/AlaaAhmed123/DashboardUi/contents/{+path}","compare_url":"https://api.github.com/repos/AlaaAhmed123/DashboardUi/compare/{base}...{head}","merges_url":"https://api.github.com/repos/AlaaAhmed123/DashboardUi/merges","archive_url":"https://api.github.com/repos/AlaaAhmed123/DashboardUi/{archive_format}{/ref}","downloads_url":"https://api.github.com/repos/AlaaAhmed123/DashboardUi/downloads","issues_url":"https://api.github.com/repos/AlaaAhmed123/DashboardUi/issues{/number}","pulls_url":"https://api.github.com/repos/AlaaAhmed123/DashboardUi/pulls{/number}","milestones_url":"https://api.github.com/repos/AlaaAhmed123/DashboardUi/milestones{/number}","notifications_url":"https://api.github.com/repos/AlaaAhmed123/DashboardUi/notifications{?since,all,participating}","labels_url":"https://api.github.com/repos/AlaaAhmed123/DashboardUi/labels{/name}","releases_url":"https://api.github.com/repos/AlaaAhmed123/DashboardUi/releases{/id}","deployments_url":"https://api.github.com/repos/AlaaAhmed123/DashboardUi/deployments","created_at":"2020-10-09T22:40:48Z","updated_at":"2020-10-09T23:31:37Z","pushed_at":"2020-10-09T23:31:34Z","git_url":"git://github.com/AlaaAhmed123/DashboardUi.git","ssh_url":"git@github.com:AlaaAhmed123/DashboardUi.git","clone_url":"https://github.com/AlaaAhmed123/DashboardUi.git","svn_url":"https://github.com/AlaaAhmed123/DashboardUi","homepage":null,"size":176,"stargazers_count":0,"watchers_count":0,"language":"Dart","has_issues":true,"has_projects":true,"has_downloads":true,"has_wiki":true,"has_pages":false,"has_discussions":false,"forks_count":0,"mirror_url":null,"archived":false,"disabled":false,"open_issues_count":0,"license":null,"allow_forking":true,"is_template":false,"web_commit_signoff_required":false,"topics":[],"visibility":"public","forks":0,"open_issues":0,"watchers":0,"default_branch":"master","permissions":{"admin":true,"maintain":true,"push":true,"triage":true,"pull":true}},{"id":361839247,"node_id":"MDEwOlJlcG9zaXRvcnkzNjE4MzkyNDc=","name":"football-League","full_name":"AlaaAhmed123/football-League","private":false,"owner":{"login":"AlaaAhmed123","id":70155880,"node_id":"MDQ6VXNlcjcwMTU1ODgw","avatar_url":"https://avatars.githubusercontent.com/u/70155880?v=4","gravatar_id":"","url":"https://api.github.com/users/AlaaAhmed123","html_url":"https://github.com/AlaaAhmed123","followers_url":"https://api.github.com/users/AlaaAhmed123/followers","following_url":"https://api.github.com/users/AlaaAhmed123/following{/other_user}","gists_url":"https://api.github.com/users/AlaaAhmed123/gists{/gist_id}","starred_url":"https://api.github.com/users/AlaaAhmed123/starred{/owner}{/repo}","subscriptions_url":"https://api.github.com/users/AlaaAhmed123/subscriptions","organizations_url":"https://api.github.com/users/AlaaAhmed123/orgs","repos_url":"https://api.github.com/users/AlaaAhmed123/repos","events_url":"https://api.github.com/users/AlaaAhmed123/events{/privacy}","received_events_url":"https://api.github.com/users/AlaaAhmed123/received_events","type":"User","site_admin":false},"html_url":"https://github.com/AlaaAhmed123/football-League","description":null,"fork":false,"url":"https://api.github.com/repos/AlaaAhmed123/football-League","forks_url":"https://api.github.com/repos/AlaaAhmed123/football-League/forks","keys_url":"https://api.github.com/repos/AlaaAhmed123/football-League/keys{/key_id}","collaborators_url":"https://api.github.com/repos/AlaaAhmed123/football-League/collaborators{/collaborator}","teams_url":"https://api.github.com/repos/AlaaAhmed123/football-League/teams","hooks_url":"https://api.github.com/repos/AlaaAhmed123/football-League/hooks","issue_events_url":"https://api.github.com/repos/AlaaAhmed123/football-League/issues/events{/number}","events_url":"https://api.github.com/repos/AlaaAhmed123/football-League/events","assignees_url":"https://api.github.com/repos/AlaaAhmed123/football-League/assignees{/user}","branches_url":"https://api.github.com/repos/AlaaAhmed123/football-League/branches{/branch}","tags_url":"https://api.github.com/repos/AlaaAhmed123/football-League/tags","blobs_url":"https://api.github.com/repos/AlaaAhmed123/football-League/git/blobs{/sha}","git_tags_url":"https://api.github.com/repos/AlaaAhmed123/football-League/git/tags{/sha}","git_refs_url":"https://api.github.com/repos/AlaaAhmed123/football-League/git/refs{/sha}","trees_url":"https://api.github.com/repos/AlaaAhmed123/football-League/git/trees{/sha}","statuses_url":"https://api.github.com/repos/AlaaAhmed123/football-League/statuses/{sha}","languages_url":"https://api.github.com/repos/AlaaAhmed123/football-League/languages","stargazers_url":"https://api.github.com/repos/AlaaAhmed123/football-League/stargazers","contributors_url":"https://api.github.com/repos/AlaaAhmed123/football-League/contributors","subscribers_url":"https://api.github.com/repos/AlaaAhmed123/football-League/subscribers","subscription_url":"https://api.github.com/repos/AlaaAhmed123/football-League/subscription","commits_url":"https://api.github.com/repos/AlaaAhmed123/football-League/commits{/sha}","git_commits_url":"https://api.github.com/repos/AlaaAhmed123/football-League/git/commits{/sha}","comments_url":"https://api.github.com/repos/AlaaAhmed123/football-League/comments{/number}","issue_comment_url":"https://api.github.com/repos/AlaaAhmed123/football-League/issues/comments{/number}","contents_url":"https://api.github.com/repos/AlaaAhmed123/football-League/contents/{+path}","compare_url":"https://api.github.com/repos/AlaaAhmed123/football-League/compare/{base}...{head}","merges_url":"https://api.github.com/repos/AlaaAhmed123/football-League/merges","archive_url":"https://api.github.com/repos/AlaaAhmed123/football-League/{archive_format}{/ref}","downloads_url":"https://api.github.com/repos/AlaaAhmed123/football-League/downloads","issues_url":"https://api.github.com/repos/AlaaAhmed123/football-League/issues{/number}","pulls_url":"https://api.github.com/repos/AlaaAhmed123/football-League/pulls{/number}","milestones_url":"https://api.github.com/repos/AlaaAhmed123/football-League/milestones{/number}","notifications_url":"https://api.github.com/repos/AlaaAhmed123/football-League/notifications{?since,all,participating}","labels_url":"https://api.github.com/repos/AlaaAhmed123/football-League/labels{/name}","releases_url":"https://api.github.com/repos/AlaaAhmed123/football-League/releases{/id}","deployments_url":"https://api.github.com/repos/AlaaAhmed123/football-League/deployments","created_at":"2021-04-26T17:37:52Z","updated_at":"2021-04-26T17:41:36Z","pushed_at":"2021-04-26T17:41:33Z","git_url":"git://github.com/AlaaAhmed123/football-League.git","ssh_url":"git@github.com:AlaaAhmed123/football-League.git","clone_url":"https://github.com/AlaaAhmed123/football-League.git","svn_url":"https://github.com/AlaaAhmed123/football-League","homepage":null,"size":440,"stargazers_count":0,"watchers_count":0,"language":"Dart","has_issues":true,"has_projects":true,"has_downloads":true,"has_wiki":true,"has_pages":false,"has_discussions":false,"forks_count":0,"mirror_url":null,"archived":false,"disabled":false,"open_issues_count":0,"license":null,"allow_forking":true,"is_template":false,"web_commit_signoff_required":false,"topics":[],"visibility":"public","forks":0,"open_issues":0,"watchers":0,"default_branch":"master","permissions":{"admin":true,"maintain":true,"push":true,"triage":true,"pull":true}},{"id":624874748,"node_id":"R_kgDOJT7U_A","name":"itqan_task","full_name":"AlaaAhmed123/itqan_task","private":false,"owner":{"login":"AlaaAhmed123","id":70155880,"node_id":"MDQ6VXNlcjcwMTU1ODgw","avatar_url":"https://avatars.githubusercontent.com/u/70155880?v=4","gravatar_id":"","url":"https://api.github.com/users/AlaaAhmed123","html_url":"https://github.com/AlaaAhmed123","followers_url":"https://api.github.com/users/AlaaAhmed123/followers","following_url":"https://api.github.com/users/AlaaAhmed123/following{/other_user}","gists_url":"https://api.github.com/users/AlaaAhmed123/gists{/gist_id}","starred_url":"https://api.github.com/users/AlaaAhmed123/starred{/owner}{/repo}","subscriptions_url":"https://api.github.com/users/AlaaAhmed123/subscriptions","organizations_url":"https://api.github.com/users/AlaaAhmed123/orgs","repos_url":"https://api.github.com/users/AlaaAhmed123/repos","events_url":"https://api.github.com/users/AlaaAhmed123/events{/privacy}","received_events_url":"https://api.github.com/users/AlaaAhmed123/received_events","type":"User","site_admin":false},"html_url":"https://github.com/AlaaAhmed123/itqan_task","description":null,"fork":false,"url":"https://api.github.com/repos/AlaaAhmed123/itqan_task","forks_url":"https://api.github.com/repos/AlaaAhmed123/itqan_task/forks","keys_url":"https://api.github.com/repos/AlaaAhmed123/itqan_task/keys{/key_id}","collaborators_url":"https://api.github.com/repos/AlaaAhmed123/itqan_task/collaborators{/collaborator}","teams_url":"https://api.github.com/repos/AlaaAhmed123/itqan_task/teams","hooks_url":"https://api.github.com/repos/AlaaAhmed123/itqan_task/hooks","issue_events_url":"https://api.github.com/repos/AlaaAhmed123/itqan_task/issues/events{/number}","events_url":"https://api.github.com/repos/AlaaAhmed123/itqan_task/events","assignees_url":"https://api.github.com/repos/AlaaAhmed123/itqan_task/assignees{/user}","branches_url":"https://api.github.com/repos/AlaaAhmed123/itqan_task/branches{/branch}","tags_url":"https://api.github.com/repos/AlaaAhmed123/itqan_task/tags","blobs_url":"https://api.github.com/repos/AlaaAhmed123/itqan_task/git/blobs{/sha}","git_tags_url":"https://api.github.com/repos/AlaaAhmed123/itqan_task/git/tags{/sha}","git_refs_url":"https://api.github.com/repos/AlaaAhmed123/itqan_task/git/refs{/sha}","trees_url":"https://api.github.com/repos/AlaaAhmed123/itqan_task/git/trees{/sha}","statuses_url":"https://api.github.com/repos/AlaaAhmed123/itqan_task/statuses/{sha}","languages_url":"https://api.github.com/repos/AlaaAhmed123/itqan_task/languages","stargazers_url":"https://api.github.com/repos/AlaaAhmed123/itqan_task/stargazers","contributors_url":"https://api.github.com/repos/AlaaAhmed123/itqan_task/contributors","subscribers_url":"https://api.github.com/repos/AlaaAhmed123/itqan_task/subscribers","subscription_url":"https://api.github.com/repos/AlaaAhmed123/itqan_task/subscription","commits_url":"https://api.github.com/repos/AlaaAhmed123/itqan_task/commits{/sha}","git_commits_url":"https://api.github.com/repos/AlaaAhmed123/itqan_task/git/commits{/sha}","comments_url":"https://api.github.com/repos/AlaaAhmed123/itqan_task/comments{/number}","issue_comment_url":"https://api.github.com/repos/AlaaAhmed123/itqan_task/issues/comments{/number}","contents_url":"https://api.github.com/repos/AlaaAhmed123/itqan_task/contents/{+path}","compare_url":"https://api.github.com/repos/AlaaAhmed123/itqan_task/compare/{base}...{head}","merges_url":"https://api.github.com/repos/AlaaAhmed123/itqan_task/merges","archive_url":"https://api.github.com/repos/AlaaAhmed123/itqan_task/{archive_format}{/ref}","downloads_url":"https://api.github.com/repos/AlaaAhmed123/itqan_task/downloads","issues_url":"https://api.github.com/repos/AlaaAhmed123/itqan_task/issues{/number}","pulls_url":"https://api.github.com/repos/AlaaAhmed123/itqan_task/pulls{/number}","milestones_url":"https://api.github.com/repos/AlaaAhmed123/itqan_task/milestones{/number}","notifications_url":"https://api.github.com/repos/AlaaAhmed123/itqan_task/notifications{?since,all,participating}","labels_url":"https://api.github.com/repos/AlaaAhmed123/itqan_task/labels{/name}","releases_url":"https://api.github.com/repos/AlaaAhmed123/itqan_task/releases{/id}","deployments_url":"https://api.github.com/repos/AlaaAhmed123/itqan_task/deployments","created_at":"2023-04-07T13:26:29Z","updated_at":"2023-04-07T13:46:41Z","pushed_at":"2023-04-07T19:18:03Z","git_url":"git://github.com/AlaaAhmed123/itqan_task.git","ssh_url":"git@github.com:AlaaAhmed123/itqan_task.git","clone_url":"https://github.com/AlaaAhmed123/itqan_task.git","svn_url":"https://github.com/AlaaAhmed123/itqan_task","homepage":null,"size":27355,"stargazers_count":0,"watchers_count":0,"language":"HTML","has_issues":true,"has_projects":true,"has_downloads":true,"has_wiki":true,"has_pages":false,"has_discussions":false,"forks_count":0,"mirror_url":null,"archived":false,"disabled":false,"open_issues_count":0,"license":null,"allow_forking":true,"is_template":false,"web_commit_signoff_required":false,"topics":[],"visibility":"public","forks":0,"open_issues":0,"watchers":0,"default_branch":"master","permissions":{"admin":true,"maintain":true,"push":true,"triage":true,"pull":true}},{"id":301791218,"node_id":"MDEwOlJlcG9zaXRvcnkzMDE3OTEyMTg=","name":"koralive_app","full_name":"AlaaAhmed123/koralive_app","private":false,"owner":{"login":"AlaaAhmed123","id":70155880,"node_id":"MDQ6VXNlcjcwMTU1ODgw","avatar_url":"https://avatars.githubusercontent.com/u/70155880?v=4","gravatar_id":"","url":"https://api.github.com/users/AlaaAhmed123","html_url":"https://github.com/AlaaAhmed123","followers_url":"https://api.github.com/users/AlaaAhmed123/followers","following_url":"https://api.github.com/users/AlaaAhmed123/following{/other_user}","gists_url":"https://api.github.com/users/AlaaAhmed123/gists{/gist_id}","starred_url":"https://api.github.com/users/AlaaAhmed123/starred{/owner}{/repo}","subscriptions_url":"https://api.github.com/users/AlaaAhmed123/subscriptions","organizations_url":"https://api.github.com/users/AlaaAhmed123/orgs","repos_url":"https://api.github.com/users/AlaaAhmed123/repos","events_url":"https://api.github.com/users/AlaaAhmed123/events{/privacy}","received_events_url":"https://api.github.com/users/AlaaAhmed123/received_events","type":"User","site_admin":false},"html_url":"https://github.com/AlaaAhmed123/koralive_app","description":null,"fork":false,"url":"https://api.github.com/repos/AlaaAhmed123/koralive_app","forks_url":"https://api.github.com/repos/AlaaAhmed123/koralive_app/forks","keys_url":"https://api.github.com/repos/AlaaAhmed123/koralive_app/keys{/key_id}","collaborators_url":"https://api.github.com/repos/AlaaAhmed123/koralive_app/collaborators{/collaborator}","teams_url":"https://api.github.com/repos/AlaaAhmed123/koralive_app/teams","hooks_url":"https://api.github.com/repos/AlaaAhmed123/koralive_app/hooks","issue_events_url":"https://api.github.com/repos/AlaaAhmed123/koralive_app/issues/events{/number}","events_url":"https://api.github.com/repos/AlaaAhmed123/koralive_app/events","assignees_url":"https://api.github.com/repos/AlaaAhmed123/koralive_app/assignees{/user}","branches_url":"https://api.github.com/repos/AlaaAhmed123/koralive_app/branches{/branch}","tags_url":"https://api.github.com/repos/AlaaAhmed123/koralive_app/tags","blobs_url":"https://api.github.com/repos/AlaaAhmed123/koralive_app/git/blobs{/sha}","git_tags_url":"https://api.github.com/repos/AlaaAhmed123/koralive_app/git/tags{/sha}","git_refs_url":"https://api.github.com/repos/AlaaAhmed123/koralive_app/git/refs{/sha}","trees_url":"https://api.github.com/repos/AlaaAhmed123/koralive_app/git/trees{/sha}","statuses_url":"https://api.github.com/repos/AlaaAhmed123/koralive_app/statuses/{sha}","languages_url":"https://api.github.com/repos/AlaaAhmed123/koralive_app/languages","stargazers_url":"https://api.github.com/repos/AlaaAhmed123/koralive_app/stargazers","contributors_url":"https://api.github.com/repos/AlaaAhmed123/koralive_app/contributors","subscribers_url":"https://api.github.com/repos/AlaaAhmed123/koralive_app/subscribers","subscription_url":"https://api.github.com/repos/AlaaAhmed123/koralive_app/subscription","commits_url":"https://api.github.com/repos/AlaaAhmed123/koralive_app/commits{/sha}","git_commits_url":"https://api.github.com/repos/AlaaAhmed123/koralive_app/git/commits{/sha}","comments_url":"https://api.github.com/repos/AlaaAhmed123/koralive_app/comments{/number}","issue_comment_url":"https://api.github.com/repos/AlaaAhmed123/koralive_app/issues/comments{/number}","contents_url":"https://api.github.com/repos/AlaaAhmed123/koralive_app/contents/{+path}","compare_url":"https://api.github.com/repos/AlaaAhmed123/koralive_app/compare/{base}...{head}","merges_url":"https://api.github.com/repos/AlaaAhmed123/koralive_app/merges","archive_url":"https://api.github.com/repos/AlaaAhmed123/koralive_app/{archive_format}{/ref}","downloads_url":"https://api.github.com/repos/AlaaAhmed123/koralive_app/downloads","issues_url":"https://api.github.com/repos/AlaaAhmed123/koralive_app/issues{/number}","pulls_url":"https://api.github.com/repos/AlaaAhmed123/koralive_app/pulls{/number}","milestones_url":"https://api.github.com/repos/AlaaAhmed123/koralive_app/milestones{/number}","notifications_url":"https://api.github.com/repos/AlaaAhmed123/koralive_app/notifications{?since,all,participating}","labels_url":"https://api.github.com/repos/AlaaAhmed123/koralive_app/labels{/name}","releases_url":"https://api.github.com/repos/AlaaAhmed123/koralive_app/releases{/id}","deployments_url":"https://api.github.com/repos/AlaaAhmed123/koralive_app/deployments","created_at":"2020-10-06T16:37:43Z","updated_at":"2020-10-06T16:56:56Z","pushed_at":"2020-10-06T16:56:52Z","git_url":"git://github.com/AlaaAhmed123/koralive_app.git","ssh_url":"git@github.com:AlaaAhmed123/koralive_app.git","clone_url":"https://github.com/AlaaAhmed123/koralive_app.git","svn_url":"https://github.com/AlaaAhmed123/koralive_app","homepage":null,"size":59,"stargazers_count":0,"watchers_count":0,"language":"Dart","has_issues":true,"has_projects":true,"has_downloads":true,"has_wiki":true,"has_pages":false,"has_discussions":false,"forks_count":0,"mirror_url":null,"archived":false,"disabled":false,"open_issues_count":0,"license":null,"allow_forking":true,"is_template":false,"web_commit_signoff_required":false,"topics":[],"visibility":"public","forks":0,"open_issues":0,"watchers":0,"default_branch":"master","permissions":{"admin":true,"maintain":true,"push":true,"triage":true,"pull":true}},{"id":302767631,"node_id":"MDEwOlJlcG9zaXRvcnkzMDI3Njc2MzE=","name":"loginUi","full_name":"AlaaAhmed123/loginUi","private":false,"owner":{"login":"AlaaAhmed123","id":70155880,"node_id":"MDQ6VXNlcjcwMTU1ODgw","avatar_url":"https://avatars.githubusercontent.com/u/70155880?v=4","gravatar_id":"","url":"https://api.github.com/users/AlaaAhmed123","html_url":"https://github.com/AlaaAhmed123","followers_url":"https://api.github.com/users/AlaaAhmed123/followers","following_url":"https://api.github.com/users/AlaaAhmed123/following{/other_user}","gists_url":"https://api.github.com/users/AlaaAhmed123/gists{/gist_id}","starred_url":"https://api.github.com/users/AlaaAhmed123/starred{/owner}{/repo}","subscriptions_url":"https://api.github.com/users/AlaaAhmed123/subscriptions","organizations_url":"https://api.github.com/users/AlaaAhmed123/orgs","repos_url":"https://api.github.com/users/AlaaAhmed123/repos","events_url":"https://api.github.com/users/AlaaAhmed123/events{/privacy}","received_events_url":"https://api.github.com/users/AlaaAhmed123/received_events","type":"User","site_admin":false},"html_url":"https://github.com/AlaaAhmed123/loginUi","description":null,"fork":false,"url":"https://api.github.com/repos/AlaaAhmed123/loginUi","forks_url":"https://api.github.com/repos/AlaaAhmed123/loginUi/forks","keys_url":"https://api.github.com/repos/AlaaAhmed123/loginUi/keys{/key_id}","collaborators_url":"https://api.github.com/repos/AlaaAhmed123/loginUi/collaborators{/collaborator}","teams_url":"https://api.github.com/repos/AlaaAhmed123/loginUi/teams","hooks_url":"https://api.github.com/repos/AlaaAhmed123/loginUi/hooks","issue_events_url":"https://api.github.com/repos/AlaaAhmed123/loginUi/issues/events{/number}","events_url":"https://api.github.com/repos/AlaaAhmed123/loginUi/events","assignees_url":"https://api.github.com/repos/AlaaAhmed123/loginUi/assignees{/user}","branches_url":"https://api.github.com/repos/AlaaAhmed123/loginUi/branches{/branch}","tags_url":"https://api.github.com/repos/AlaaAhmed123/loginUi/tags","blobs_url":"https://api.github.com/repos/AlaaAhmed123/loginUi/git/blobs{/sha}","git_tags_url":"https://api.github.com/repos/AlaaAhmed123/loginUi/git/tags{/sha}","git_refs_url":"https://api.github.com/repos/AlaaAhmed123/loginUi/git/refs{/sha}","trees_url":"https://api.github.com/repos/AlaaAhmed123/loginUi/git/trees{/sha}","statuses_url":"https://api.github.com/repos/AlaaAhmed123/loginUi/statuses/{sha}","languages_url":"https://api.github.com/repos/AlaaAhmed123/loginUi/languages","stargazers_url":"https://api.github.com/repos/AlaaAhmed123/loginUi/stargazers","contributors_url":"https://api.github.com/repos/AlaaAhmed123/loginUi/contributors","subscribers_url":"https://api.github.com/repos/AlaaAhmed123/loginUi/subscribers","subscription_url":"https://api.github.com/repos/AlaaAhmed123/loginUi/subscription","commits_url":"https://api.github.com/repos/AlaaAhmed123/loginUi/commits{/sha}","git_commits_url":"https://api.github.com/repos/AlaaAhmed123/loginUi/git/commits{/sha}","comments_url":"https://api.github.com/repos/AlaaAhmed123/loginUi/comments{/number}","issue_comment_url":"https://api.github.com/repos/AlaaAhmed123/loginUi/issues/comments{/number}","contents_url":"https://api.github.com/repos/AlaaAhmed123/loginUi/contents/{+path}","compare_url":"https://api.github.com/repos/AlaaAhmed123/loginUi/compare/{base}...{head}","merges_url":"https://api.github.com/repos/AlaaAhmed123/loginUi/merges","archive_url":"https://api.github.com/repos/AlaaAhmed123/loginUi/{archive_format}{/ref}","downloads_url":"https://api.github.com/repos/AlaaAhmed123/loginUi/downloads","issues_url":"https://api.github.com/repos/AlaaAhmed123/loginUi/issues{/number}","pulls_url":"https://api.github.com/repos/AlaaAhmed123/loginUi/pulls{/number}","milestones_url":"https://api.github.com/repos/AlaaAhmed123/loginUi/milestones{/number}","notifications_url":"https://api.github.com/repos/AlaaAhmed123/loginUi/notifications{?since,all,participating}","labels_url":"https://api.github.com/repos/AlaaAhmed123/loginUi/labels{/name}","releases_url":"https://api.github.com/repos/AlaaAhmed123/loginUi/releases{/id}","deployments_url":"https://api.github.com/repos/AlaaAhmed123/loginUi/deployments","created_at":"2020-10-09T22:39:25Z","updated_at":"2020-10-09T23:05:45Z","pushed_at":"2020-10-09T23:05:42Z","git_url":"git://github.com/AlaaAhmed123/loginUi.git","ssh_url":"git@github.com:AlaaAhmed123/loginUi.git","clone_url":"https://github.com/AlaaAhmed123/loginUi.git","svn_url":"https://github.com/AlaaAhmed123/loginUi","homepage":null,"size":55,"stargazers_count":0,"watchers_count":0,"language":"Dart","has_issues":true,"has_projects":true,"has_downloads":true,"has_wiki":true,"has_pages":false,"has_discussions":false,"forks_count":0,"mirror_url":null,"archived":false,"disabled":false,"open_issues_count":0,"license":null,"allow_forking":true,"is_template":false,"web_commit_signoff_required":false,"topics":[],"visibility":"public","forks":0,"open_issues":0,"watchers":0,"default_branch":"master","permissions":{"admin":true,"maintain":true,"push":true,"triage":true,"pull":true}},{"id":301774742,"node_id":"MDEwOlJlcG9zaXRvcnkzMDE3NzQ3NDI=","name":"metalconvert_app","full_name":"AlaaAhmed123/metalconvert_app","private":false,"owner":{"login":"AlaaAhmed123","id":70155880,"node_id":"MDQ6VXNlcjcwMTU1ODgw","avatar_url":"https://avatars.githubusercontent.com/u/70155880?v=4","gravatar_id":"","url":"https://api.github.com/users/AlaaAhmed123","html_url":"https://github.com/AlaaAhmed123","followers_url":"https://api.github.com/users/AlaaAhmed123/followers","following_url":"https://api.github.com/users/AlaaAhmed123/following{/other_user}","gists_url":"https://api.github.com/users/AlaaAhmed123/gists{/gist_id}","starred_url":"https://api.github.com/users/AlaaAhmed123/starred{/owner}{/repo}","subscriptions_url":"https://api.github.com/users/AlaaAhmed123/subscriptions","organizations_url":"https://api.github.com/users/AlaaAhmed123/orgs","repos_url":"https://api.github.com/users/AlaaAhmed123/repos","events_url":"https://api.github.com/users/AlaaAhmed123/events{/privacy}","received_events_url":"https://api.github.com/users/AlaaAhmed123/received_events","type":"User","site_admin":false},"html_url":"https://github.com/AlaaAhmed123/metalconvert_app","description":null,"fork":false,"url":"https://api.github.com/repos/AlaaAhmed123/metalconvert_app","forks_url":"https://api.github.com/repos/AlaaAhmed123/metalconvert_app/forks","keys_url":"https://api.github.com/repos/AlaaAhmed123/metalconvert_app/keys{/key_id}","collaborators_url":"https://api.github.com/repos/AlaaAhmed123/metalconvert_app/collaborators{/collaborator}","teams_url":"https://api.github.com/repos/AlaaAhmed123/metalconvert_app/teams","hooks_url":"https://api.github.com/repos/AlaaAhmed123/metalconvert_app/hooks","issue_events_url":"https://api.github.com/repos/AlaaAhmed123/metalconvert_app/issues/events{/number}","events_url":"https://api.github.com/repos/AlaaAhmed123/metalconvert_app/events","assignees_url":"https://api.github.com/repos/AlaaAhmed123/metalconvert_app/assignees{/user}","branches_url":"https://api.github.com/repos/AlaaAhmed123/metalconvert_app/branches{/branch}","tags_url":"https://api.github.com/repos/AlaaAhmed123/metalconvert_app/tags","blobs_url":"https://api.github.com/repos/AlaaAhmed123/metalconvert_app/git/blobs{/sha}","git_tags_url":"https://api.github.com/repos/AlaaAhmed123/metalconvert_app/git/tags{/sha}","git_refs_url":"https://api.github.com/repos/AlaaAhmed123/metalconvert_app/git/refs{/sha}","trees_url":"https://api.github.com/repos/AlaaAhmed123/metalconvert_app/git/trees{/sha}","statuses_url":"https://api.github.com/repos/AlaaAhmed123/metalconvert_app/statuses/{sha}","languages_url":"https://api.github.com/repos/AlaaAhmed123/metalconvert_app/languages","stargazers_url":"https://api.github.com/repos/AlaaAhmed123/metalconvert_app/stargazers","contributors_url":"https://api.github.com/repos/AlaaAhmed123/metalconvert_app/contributors","subscribers_url":"https://api.github.com/repos/AlaaAhmed123/metalconvert_app/subscribers","subscription_url":"https://api.github.com/repos/AlaaAhmed123/metalconvert_app/subscription","commits_url":"https://api.github.com/repos/AlaaAhmed123/metalconvert_app/commits{/sha}","git_commits_url":"https://api.github.com/repos/AlaaAhmed123/metalconvert_app/git/commits{/sha}","comments_url":"https://api.github.com/repos/AlaaAhmed123/metalconvert_app/comments{/number}","issue_comment_url":"https://api.github.com/repos/AlaaAhmed123/metalconvert_app/issues/comments{/number}","contents_url":"https://api.github.com/repos/AlaaAhmed123/metalconvert_app/contents/{+path}","compare_url":"https://api.github.com/repos/AlaaAhmed123/metalconvert_app/compare/{base}...{head}","merges_url":"https://api.github.com/repos/AlaaAhmed123/metalconvert_app/merges","archive_url":"https://api.github.com/repos/AlaaAhmed123/metalconvert_app/{archive_format}{/ref}","downloads_url":"https://api.github.com/repos/AlaaAhmed123/metalconvert_app/downloads","issues_url":"https://api.github.com/repos/AlaaAhmed123/metalconvert_app/issues{/number}","pulls_url":"https://api.github.com/repos/AlaaAhmed123/metalconvert_app/pulls{/number}","milestones_url":"https://api.github.com/repos/AlaaAhmed123/metalconvert_app/milestones{/number}","notifications_url":"https://api.github.com/repos/AlaaAhmed123/metalconvert_app/notifications{?since,all,participating}","labels_url":"https://api.github.com/repos/AlaaAhmed123/metalconvert_app/labels{/name}","releases_url":"https://api.github.com/repos/AlaaAhmed123/metalconvert_app/releases{/id}","deployments_url":"https://api.github.com/repos/AlaaAhmed123/metalconvert_app/deployments","created_at":"2020-10-06T15:37:53Z","updated_at":"2020-10-06T15:39:52Z","pushed_at":"2020-10-06T15:39:49Z","git_url":"git://github.com/AlaaAhmed123/metalconvert_app.git","ssh_url":"git@github.com:AlaaAhmed123/metalconvert_app.git","clone_url":"https://github.com/AlaaAhmed123/metalconvert_app.git","svn_url":"https://github.com/AlaaAhmed123/metalconvert_app","homepage":null,"size":56,"stargazers_count":0,"watchers_count":0,"language":"Dart","has_issues":true,"has_projects":true,"has_downloads":true,"has_wiki":true,"has_pages":false,"has_discussions":false,"forks_count":0,"mirror_url":null,"archived":false,"disabled":false,"open_issues_count":0,"license":null,"allow_forking":true,"is_template":false,"web_commit_signoff_required":false,"topics":[],"visibility":"public","forks":0,"open_issues":0,"watchers":0,"default_branch":"master","permissions":{"admin":true,"maintain":true,"push":true,"triage":true,"pull":true}},{"id":302922372,"node_id":"MDEwOlJlcG9zaXRvcnkzMDI5MjIzNzI=","name":"news_app","full_name":"AlaaAhmed123/news_app","private":false,"owner":{"login":"AlaaAhmed123","id":70155880,"node_id":"MDQ6VXNlcjcwMTU1ODgw","avatar_url":"https://avatars.githubusercontent.com/u/70155880?v=4","gravatar_id":"","url":"https://api.github.com/users/AlaaAhmed123","html_url":"https://github.com/AlaaAhmed123","followers_url":"https://api.github.com/users/AlaaAhmed123/followers","following_url":"https://api.github.com/users/AlaaAhmed123/following{/other_user}","gists_url":"https://api.github.com/users/AlaaAhmed123/gists{/gist_id}","starred_url":"https://api.github.com/users/AlaaAhmed123/starred{/owner}{/repo}","subscriptions_url":"https://api.github.com/users/AlaaAhmed123/subscriptions","organizations_url":"https://api.github.com/users/AlaaAhmed123/orgs","repos_url":"https://api.github.com/users/AlaaAhmed123/repos","events_url":"https://api.github.com/users/AlaaAhmed123/events{/privacy}","received_events_url":"https://api.github.com/users/AlaaAhmed123/received_events","type":"User","site_admin":false},"html_url":"https://github.com/AlaaAhmed123/news_app","description":null,"fork":false,"url":"https://api.github.com/repos/AlaaAhmed123/news_app","forks_url":"https://api.github.com/repos/AlaaAhmed123/news_app/forks","keys_url":"https://api.github.com/repos/AlaaAhmed123/news_app/keys{/key_id}","collaborators_url":"https://api.github.com/repos/AlaaAhmed123/news_app/collaborators{/collaborator}","teams_url":"https://api.github.com/repos/AlaaAhmed123/news_app/teams","hooks_url":"https://api.github.com/repos/AlaaAhmed123/news_app/hooks","issue_events_url":"https://api.github.com/repos/AlaaAhmed123/news_app/issues/events{/number}","events_url":"https://api.github.com/repos/AlaaAhmed123/news_app/events","assignees_url":"https://api.github.com/repos/AlaaAhmed123/news_app/assignees{/user}","branches_url":"https://api.github.com/repos/AlaaAhmed123/news_app/branches{/branch}","tags_url":"https://api.github.com/repos/AlaaAhmed123/news_app/tags","blobs_url":"https://api.github.com/repos/AlaaAhmed123/news_app/git/blobs{/sha}","git_tags_url":"https://api.github.com/repos/AlaaAhmed123/news_app/git/tags{/sha}","git_refs_url":"https://api.github.com/repos/AlaaAhmed123/news_app/git/refs{/sha}","trees_url":"https://api.github.com/repos/AlaaAhmed123/news_app/git/trees{/sha}","statuses_url":"https://api.github.com/repos/AlaaAhmed123/news_app/statuses/{sha}","languages_url":"https://api.github.com/repos/AlaaAhmed123/news_app/languages","stargazers_url":"https://api.github.com/repos/AlaaAhmed123/news_app/stargazers","contributors_url":"https://api.github.com/repos/AlaaAhmed123/news_app/contributors","subscribers_url":"https://api.github.com/repos/AlaaAhmed123/news_app/subscribers","subscription_url":"https://api.github.com/repos/AlaaAhmed123/news_app/subscription","commits_url":"https://api.github.com/repos/AlaaAhmed123/news_app/commits{/sha}","git_commits_url":"https://api.github.com/repos/AlaaAhmed123/news_app/git/commits{/sha}","comments_url":"https://api.github.com/repos/AlaaAhmed123/news_app/comments{/number}","issue_comment_url":"https://api.github.com/repos/AlaaAhmed123/news_app/issues/comments{/number}","contents_url":"https://api.github.com/repos/AlaaAhmed123/news_app/contents/{+path}","compare_url":"https://api.github.com/repos/AlaaAhmed123/news_app/compare/{base}...{head}","merges_url":"https://api.github.com/repos/AlaaAhmed123/news_app/merges","archive_url":"https://api.github.com/repos/AlaaAhmed123/news_app/{archive_format}{/ref}","downloads_url":"https://api.github.com/repos/AlaaAhmed123/news_app/downloads","issues_url":"https://api.github.com/repos/AlaaAhmed123/news_app/issues{/number}","pulls_url":"https://api.github.com/repos/AlaaAhmed123/news_app/pulls{/number}","milestones_url":"https://api.github.com/repos/AlaaAhmed123/news_app/milestones{/number}","notifications_url":"https://api.github.com/repos/AlaaAhmed123/news_app/notifications{?since,all,participating}","labels_url":"https://api.github.com/repos/AlaaAhmed123/news_app/labels{/name}","releases_url":"https://api.github.com/repos/AlaaAhmed123/news_app/releases{/id}","deployments_url":"https://api.github.com/repos/AlaaAhmed123/news_app/deployments","created_at":"2020-10-10T14:40:57Z","updated_at":"2020-10-13T00:14:11Z","pushed_at":"2020-10-13T00:14:08Z","git_url":"git://github.com/AlaaAhmed123/news_app.git","ssh_url":"git@github.com:AlaaAhmed123/news_app.git","clone_url":"https://github.com/AlaaAhmed123/news_app.git","svn_url":"https://github.com/AlaaAhmed123/news_app","homepage":null,"size":12989,"stargazers_count":0,"watchers_count":0,"language":"Dart","has_issues":true,"has_projects":true,"has_downloads":true,"has_wiki":true,"has_pages":false,"has_discussions":false,"forks_count":0,"mirror_url":null,"archived":false,"disabled":false,"open_issues_count":0,"license":null,"allow_forking":true,"is_template":false,"web_commit_signoff_required":false,"topics":[],"visibility":"public","forks":0,"open_issues":0,"watchers":0,"default_branch":"master","permissions":{"admin":true,"maintain":true,"push":true,"triage":true,"pull":true}},{"id":301787406,"node_id":"MDEwOlJlcG9zaXRvcnkzMDE3ODc0MDY=","name":"prayertimes_app","full_name":"AlaaAhmed123/prayertimes_app","private":false,"owner":{"login":"AlaaAhmed123","id":70155880,"node_id":"MDQ6VXNlcjcwMTU1ODgw","avatar_url":"https://avatars.githubusercontent.com/u/70155880?v=4","gravatar_id":"","url":"https://api.github.com/users/AlaaAhmed123","html_url":"https://github.com/AlaaAhmed123","followers_url":"https://api.github.com/users/AlaaAhmed123/followers","following_url":"https://api.github.com/users/AlaaAhmed123/following{/other_user}","gists_url":"https://api.github.com/users/AlaaAhmed123/gists{/gist_id}","starred_url":"https://api.github.com/users/AlaaAhmed123/starred{/owner}{/repo}","subscriptions_url":"https://api.github.com/users/AlaaAhmed123/subscriptions","organizations_url":"https://api.github.com/users/AlaaAhmed123/orgs","repos_url":"https://api.github.com/users/AlaaAhmed123/repos","events_url":"https://api.github.com/users/AlaaAhmed123/events{/privacy}","received_events_url":"https://api.github.com/users/AlaaAhmed123/received_events","type":"User","site_admin":false},"html_url":"https://github.com/AlaaAhmed123/prayertimes_app","description":null,"fork":false,"url":"https://api.github.com/repos/AlaaAhmed123/prayertimes_app","forks_url":"https://api.github.com/repos/AlaaAhmed123/prayertimes_app/forks","keys_url":"https://api.github.com/repos/AlaaAhmed123/prayertimes_app/keys{/key_id}","collaborators_url":"https://api.github.com/repos/AlaaAhmed123/prayertimes_app/collaborators{/collaborator}","teams_url":"https://api.github.com/repos/AlaaAhmed123/prayertimes_app/teams","hooks_url":"https://api.github.com/repos/AlaaAhmed123/prayertimes_app/hooks","issue_events_url":"https://api.github.com/repos/AlaaAhmed123/prayertimes_app/issues/events{/number}","events_url":"https://api.github.com/repos/AlaaAhmed123/prayertimes_app/events","assignees_url":"https://api.github.com/repos/AlaaAhmed123/prayertimes_app/assignees{/user}","branches_url":"https://api.github.com/repos/AlaaAhmed123/prayertimes_app/branches{/branch}","tags_url":"https://api.github.com/repos/AlaaAhmed123/prayertimes_app/tags","blobs_url":"https://api.github.com/repos/AlaaAhmed123/prayertimes_app/git/blobs{/sha}","git_tags_url":"https://api.github.com/repos/AlaaAhmed123/prayertimes_app/git/tags{/sha}","git_refs_url":"https://api.github.com/repos/AlaaAhmed123/prayertimes_app/git/refs{/sha}","trees_url":"https://api.github.com/repos/AlaaAhmed123/prayertimes_app/git/trees{/sha}","statuses_url":"https://api.github.com/repos/AlaaAhmed123/prayertimes_app/statuses/{sha}","languages_url":"https://api.github.com/repos/AlaaAhmed123/prayertimes_app/languages","stargazers_url":"https://api.github.com/repos/AlaaAhmed123/prayertimes_app/stargazers","contributors_url":"https://api.github.com/repos/AlaaAhmed123/prayertimes_app/contributors","subscribers_url":"https://api.github.com/repos/AlaaAhmed123/prayertimes_app/subscribers","subscription_url":"https://api.github.com/repos/AlaaAhmed123/prayertimes_app/subscription","commits_url":"https://api.github.com/repos/AlaaAhmed123/prayertimes_app/commits{/sha}","git_commits_url":"https://api.github.com/repos/AlaaAhmed123/prayertimes_app/git/commits{/sha}","comments_url":"https://api.github.com/repos/AlaaAhmed123/prayertimes_app/comments{/number}","issue_comment_url":"https://api.github.com/repos/AlaaAhmed123/prayertimes_app/issues/comments{/number}","contents_url":"https://api.github.com/repos/AlaaAhmed123/prayertimes_app/contents/{+path}","compare_url":"https://api.github.com/repos/AlaaAhmed123/prayertimes_app/compare/{base}...{head}","merges_url":"https://api.github.com/repos/AlaaAhmed123/prayertimes_app/merges","archive_url":"https://api.github.com/repos/AlaaAhmed123/prayertimes_app/{archive_format}{/ref}","downloads_url":"https://api.github.com/repos/AlaaAhmed123/prayertimes_app/downloads","issues_url":"https://api.github.com/repos/AlaaAhmed123/prayertimes_app/issues{/number}","pulls_url":"https://api.github.com/repos/AlaaAhmed123/prayertimes_app/pulls{/number}","milestones_url":"https://api.github.com/repos/AlaaAhmed123/prayertimes_app/milestones{/number}","notifications_url":"https://api.github.com/repos/AlaaAhmed123/prayertimes_app/notifications{?since,all,participating}","labels_url":"https://api.github.com/repos/AlaaAhmed123/prayertimes_app/labels{/name}","releases_url":"https://api.github.com/repos/AlaaAhmed123/prayertimes_app/releases{/id}","deployments_url":"https://api.github.com/repos/AlaaAhmed123/prayertimes_app/deployments","created_at":"2020-10-06T16:23:04Z","updated_at":"2020-10-06T16:26:22Z","pushed_at":"2020-10-06T16:26:19Z","git_url":"git://github.com/AlaaAhmed123/prayertimes_app.git","ssh_url":"git@github.com:AlaaAhmed123/prayertimes_app.git","clone_url":"https://github.com/AlaaAhmed123/prayertimes_app.git","svn_url":"https://github.com/AlaaAhmed123/prayertimes_app","homepage":null,"size":1536,"stargazers_count":0,"watchers_count":0,"language":"Dart","has_issues":true,"has_projects":true,"has_downloads":true,"has_wiki":true,"has_pages":false,"has_discussions":false,"forks_count":0,"mirror_url":null,"archived":false,"disabled":false,"open_issues_count":0,"license":null,"allow_forking":true,"is_template":false,"web_commit_signoff_required":false,"topics":[],"visibility":"public","forks":0,"open_issues":0,"watchers":0,"default_branch":"master","permissions":{"admin":true,"maintain":true,"push":true,"triage":true,"pull":true}},{"id":368800249,"node_id":"MDEwOlJlcG9zaXRvcnkzNjg4MDAyNDk=","name":"quran-app","full_name":"AlaaAhmed123/quran-app","private":false,"owner":{"login":"AlaaAhmed123","id":70155880,"node_id":"MDQ6VXNlcjcwMTU1ODgw","avatar_url":"https://avatars.githubusercontent.com/u/70155880?v=4","gravatar_id":"","url":"https://api.github.com/users/AlaaAhmed123","html_url":"https://github.com/AlaaAhmed123","followers_url":"https://api.github.com/users/AlaaAhmed123/followers","following_url":"https://api.github.com/users/AlaaAhmed123/following{/other_user}","gists_url":"https://api.github.com/users/AlaaAhmed123/gists{/gist_id}","starred_url":"https://api.github.com/users/AlaaAhmed123/starred{/owner}{/repo}","subscriptions_url":"https://api.github.com/users/AlaaAhmed123/subscriptions","organizations_url":"https://api.github.com/users/AlaaAhmed123/orgs","repos_url":"https://api.github.com/users/AlaaAhmed123/repos","events_url":"https://api.github.com/users/AlaaAhmed123/events{/privacy}","received_events_url":"https://api.github.com/users/Ala
[...]
number}","contents_url":"https://api.github.com/repos/AlaaAhmed123/simple_weather_app/contents/{+path}","compare_url":"https://api.github.com/repos/AlaaAhmed123/simple_weather_app/compare/{base}...{head}","merges_url":"https://api.github.com/repos/AlaaAhmed123/simple_weather_app/merges","archive_url":"https://api.github.com/repos/AlaaAhmed123/simple_weather_app/{archive_format}{/ref}","downloads_url":"https://api.github.com/repos/AlaaAhmed123/simple_weather_app/downloads","issues_url":"https://api.github.com/repos/AlaaAhmed123/simple_weather_app/issues{/number}","pulls_url":"https://api.github.com/repos/AlaaAhmed123/simple_weather_app/pulls{/number}","milestones_url":"https://api.github.com/repos/AlaaAhmed123/simple_weather_app/milestones{/number}","notifications_url":"https://api.github.com/repos/AlaaAhmed123/simple_weather_app/notifications{?since,all,participating}","labels_url":"https://api.github.com/repos/AlaaAhmed123/simple_weather_app/labels{/name}","releases_url":"https://api.github.com/repos/AlaaAhmed123/simple_weather_app/releases{/id}","deployments_url":"https://api.github.com/repos/AlaaAhmed123/simple_weather_app/deployments","created_at":"2020-10-06T15:09:05Z","updated_at":"2020-10-06T15:24:40Z","pushed_at":"2020-10-06T15:24:36Z","git_url":"git://github.com/AlaaAhmed123/simple_weather_app.git","ssh_url":"git@github.com:AlaaAhmed123/simple_weather_app.git","clone_url":"https://github.com/AlaaAhmed123/simple_weather_app.git","svn_url":"https://github.com/AlaaAhmed123/simple_weather_app","homepage":null,"size":1035,"stargazers_count":0,"watchers_count":0,"language":"Dart","has_issues":true,"has_projects":true,"has_downloads":true,"has_wiki":true,"has_pages":false,"has_discussions":false,"forks_count":0,"mirror_url":null,"archived":false,"disabled":false,"open_issues_count":0,"license":null,"allow_forking":true,"is_template":false,"web_commit_signoff_required":false,"topics":[],"visibility":"public","forks":0,"open_issues":0,"watchers":0,"default_branch":"master","permissions":{"admin":true,"maintain":true,"push":true,"triage":true,"pull":true}},{"id":301777016,"node_id":"MDEwOlJlcG9zaXRvcnkzMDE3NzcwMTY=","name":"themechange_app","full_name":"AlaaAhmed123/themechange_app","private":false,"owner":{"login":"AlaaAhmed123","id":70155880,"node_id":"MDQ6VXNlcjcwMTU1ODgw","avatar_url":"https://avatars.githubusercontent.com/u/70155880?v=4","gravatar_id":"","url":"https://api.github.com/users/AlaaAhmed123","html_url":"https://github.com/AlaaAhmed123","followers_url":"https://api.github.com/users/AlaaAhmed123/followers","following_url":"https://api.github.com/users/AlaaAhmed123/following{/other_user}","gists_url":"https://api.github.com/users/AlaaAhmed123/gists{/gist_id}","starred_url":"https://api.github.com/users/AlaaAhmed123/starred{/owner}{/repo}","subscriptions_url":"https://api.github.com/users/AlaaAhmed123/subscriptions","organizations_url":"https://api.github.com/users/AlaaAhmed123/orgs","repos_url":"https://api.github.com/users/AlaaAhmed123/repos","events_url":"https://api.github.com/users/AlaaAhmed123/events{/privacy}","received_events_url":"https://api.github.com/users/AlaaAhmed123/received_events","type":"User","site_admin":false},"html_url":"https://github.com/AlaaAhmed123/themechange_app","description":null,"fork":false,"url":"https://api.github.com/repos/AlaaAhmed123/themechange_app","forks_url":"https://api.github.com/repos/AlaaAhmed123/themechange_app/forks","keys_url":"https://api.github.com/repos/AlaaAhmed123/themechange_app/keys{/key_id}","collaborators_url":"https://api.github.com/repos/AlaaAhmed123/themechange_app/collaborators{/collaborator}","teams_url":"https://api.github.com/repos/AlaaAhmed123/themechange_app/teams","hooks_url":"https://api.github.com/repos/AlaaAhmed123/themechange_app/hooks","issue_events_url":"https://api.github.com/repos/AlaaAhmed123/themechange_app/issues/events{/number}","events_url":"https://api.github.com/repos/AlaaAhmed123/themechange_app/events","assignees_url":"https://api.github.com/repos/AlaaAhmed123/themechange_app/assignees{/user}","branches_url":"https://api.github.com/repos/AlaaAhmed123/themechange_app/branches{/branch}","tags_url":"https://api.github.com/repos/AlaaAhmed123/themechange_app/tags","blobs_url":"https://api.github.com/repos/AlaaAhmed123/themechange_app/git/blobs{/sha}","git_tags_url":"https://api.github.com/repos/AlaaAhmed123/themechange_app/git/tags{/sha}","git_refs_url":"https://api.github.com/repos/AlaaAhmed123/themechange_app/git/refs{/sha}","trees_url":"https://api.github.com/repos/AlaaAhmed123/themechange_app/git/trees{/sha}","statuses_url":"https://api.github.com/repos/AlaaAhmed123/themechange_app/statuses/{sha}","languages_url":"https://api.github.com/repos/AlaaAhmed123/themechange_app/languages","stargazers_url":"https://api.github.com/repos/AlaaAhmed123/themechange_app/stargazers","contributors_url":"https://api.github.com/repos/AlaaAhmed123/themechange_app/contributors","subscribers_url":"https://api.github.com/repos/AlaaAhmed123/themechange_app/subscribers","subscription_url":"https://api.github.com/repos/AlaaAhmed123/themechange_app/subscription","commits_url":"https://api.github.com/repos/AlaaAhmed123/themechange_app/commits{/sha}","git_commits_url":"https://api.github.com/repos/AlaaAhmed123/themechange_app/git/commits{/sha}","comments_url":"https://api.github.com/repos/AlaaAhmed123/themechange_app/comments{/number}","issue_comment_url":"https://api.github.com/repos/AlaaAhmed123/themechange_app/issues/comments{/number}","contents_url":"https://api.github.com/repos/AlaaAhmed123/themechange_app/contents/{+path}","compare_url":"https://api.github.com/repos/AlaaAhmed123/themechange_app/compare/{base}...{head}","merges_url":"https://api.github.com/repos/AlaaAhmed123/themechange_app/merges","archive_url":"https://api.github.com/repos/AlaaAhmed123/themechange_app/{archive_format}{/ref}","downloads_url":"https://api.github.com/repos/AlaaAhmed123/themechange_app/downloads","issues_url":"https://api.github.com/repos/AlaaAhmed123/themechange_app/issues{/number}","pulls_url":"https://api.github.com/repos/AlaaAhmed123/themechange_app/pulls{/number}","milestones_url":"https://api.github.com/repos/AlaaAhmed123/themechange_app/milestones{/number}","notifications_url":"https://api.github.com/repos/AlaaAhmed123/themechange_app/notifications{?since,all,participating}","labels_url":"https://api.github.com/repos/AlaaAhmed123/themechange_app/labels{/name}","releases_url":"https://api.github.com/repos/AlaaAhmed123/themechange_app/releases{/id}","deployments_url":"https://api.github.com/repos/AlaaAhmed123/themechange_app/deployments","created_at":"2020-10-06T15:45:19Z","updated_at":"2020-10-06T15:49:25Z","pushed_at":"2020-10-06T15:49:21Z","git_url":"git://github.com/AlaaAhmed123/themechange_app.git","ssh_url":"git@github.com:AlaaAhmed123/themechange_app.git","clone_url":"https://github.com/AlaaAhmed123/themechange_app.git","svn_url":"https://github.com/AlaaAhmed123/themechange_app","homepage":null,"size":58,"stargazers_count":0,"watchers_count":0,"language":"Dart","has_issues":true,"has_projects":true,"has_downloads":true,"has_wiki":true,"has_pages":false,"has_discussions":false,"forks_count":0,"mirror_url":null,"archived":false,"disabled":false,"open_issues_count":0,"license":null,"allow_forking":true,"is_template":false,"web_commit_signoff_required":false,"topics":[],"visibility":"public","forks":0,"open_issues":0,"watchers":0,"default_branch":"master","permissions":{"admin":true,"maintain":true,"push":true,"triage":true,"pull":true}},{"id":295539975,"node_id":"MDEwOlJlcG9zaXRvcnkyOTU1Mzk5NzU=","name":"weather_app","full_name":"AlaaAhmed123/weather_app","private":false,"owner":{"login":"AlaaAhmed123","id":70155880,"node_id":"MDQ6VXNlcjcwMTU1ODgw","avatar_url":"https://avatars.githubusercontent.com/u/70155880?v=4","gravatar_id":"","url":"https://api.github.com/users/AlaaAhmed123","html_url":"https://github.com/AlaaAhmed123","followers_url":"https://api.github.com/users/AlaaAhmed123/followers","following_url":"https://api.github.com/users/AlaaAhmed123/following{/other_user}","gists_url":"https://api.github.com/users/AlaaAhmed123/gists{/gist_id}","starred_url":"https://api.github.com/users/AlaaAhmed123/starred{/owner}{/repo}","subscriptions_url":"https://api.github.com/users/AlaaAhmed123/subscriptions","organizations_url":"https://api.github.com/users/AlaaAhmed123/orgs","repos_url":"https://api.github.com/users/AlaaAhmed123/repos","events_url":"https://api.github.com/users/AlaaAhmed123/events{/privacy}","received_events_url":"https://api.github.com/users/AlaaAhmed123/received_events","type":"User","site_admin":false},"html_url":"https://github.com/AlaaAhmed123/weather_app","description":null,"fork":false,"url":"https://api.github.com/repos/AlaaAhmed123/weather_app","forks_url":"https://api.github.com/repos/AlaaAhmed123/weather_app/forks","keys_url":"https://api.github.com/repos/AlaaAhmed123/weather_app/keys{/key_id}","collaborators_url":"https://api.github.com/repos/AlaaAhmed123/weather_app/collaborators{/collaborator}","teams_url":"https://api.github.com/repos/AlaaAhmed123/weather_app/teams","hooks_url":"https://api.github.com/repos/AlaaAhmed123/weather_app/hooks","issue_events_url":"https://api.github.com/repos/AlaaAhmed123/weather_app/issues/events{/number}","events_url":"https://api.github.com/repos/AlaaAhmed123/weather_app/events","assignees_url":"https://api.github.com/repos/AlaaAhmed123/weather_app/assignees{/user}","branches_url":"https://api.github.com/repos/AlaaAhmed123/weather_app/branches{/branch}","tags_url":"https://api.github.com/repos/AlaaAhmed123/weather_app/tags","blobs_url":"https://api.github.com/repos/AlaaAhmed123/weather_app/git/blobs{/sha}","git_tags_url":"https://api.github.com/repos/AlaaAhmed123/weather_app/git/tags{/sha}","git_refs_url":"https://api.github.com/repos/AlaaAhmed123/weather_app/git/refs{/sha}","trees_url":"https://api.github.com/repos/AlaaAhmed123/weather_app/git/trees{/sha}","statuses_url":"https://api.github.com/repos/AlaaAhmed123/weather_app/statuses/{sha}","languages_url":"https://api.github.com/repos/AlaaAhmed123/weather_app/languages","stargazers_url":"https://api.github.com/repos/AlaaAhmed123/weather_app/stargazers","contributors_url":"https://api.github.com/repos/AlaaAhmed123/weather_app/contributors","subscribers_url":"https://api.github.com/repos/AlaaAhmed123/weather_app/subscribers","subscription_url":"https://api.github.com/repos/AlaaAhmed123/weather_app/subscription","commits_url":"https://api.github.com/repos/AlaaAhmed123/weather_app/commits{/sha}","git_commits_url":"https://api.github.com/repos/AlaaAhmed123/weather_app/git/commits{/sha}","comments_url":"https://api.github.com/repos/AlaaAhmed123/weather_app/comments{/number}","issue_comment_url":"https://api.github.com/repos/AlaaAhmed123/weather_app/issues/comments{/number}","contents_url":"https://api.github.com/repos/AlaaAhmed123/weather_app/contents/{+path}","compare_url":"https://api.github.com/repos/AlaaAhmed123/weather_app/compare/{base}...{head}","merges_url":"https://api.github.com/repos/AlaaAhmed123/weather_app/merges","archive_url":"https://api.github.com/repos/AlaaAhmed123/weather_app/{archive_format}{/ref}","downloads_url":"https://api.github.com/repos/AlaaAhmed123/weather_app/downloads","issues_url":"https://api.github.com/repos/AlaaAhmed123/weather_app/issues{/number}","pulls_url":"https://api.github.com/repos/AlaaAhmed123/weather_app/pulls{/number}","milestones_url":"https://api.github.com/repos/AlaaAhmed123/weather_app/milestones{/number}","notifications_url":"https://api.github.com/repos/AlaaAhmed123/weather_app/notifications{?since,all,participating}","labels_url":"https://api.github.com/repos/AlaaAhmed123/weather_app/labels{/name}","releases_url":"https://api.github.com/repos/AlaaAhmed123/weather_app/releases{/id}","deployments_url":"https://api.github.com/repos/AlaaAhmed123/weather_app/deployments","created_at":"2020-09-14T21:12:06Z","updated_at":"2020-10-07T12:03:03Z","pushed_at":"2020-10-07T12:03:00Z","git_url":"git://github.com/AlaaAhmed123/weather_app.git","ssh_url":"git@github.com:AlaaAhmed123/weather_app.git","clone_url":"https://github.com/AlaaAhmed123/weather_app.git","svn_url":"https://github.com/AlaaAhmed123/weather_app","homepage":null,"size":713,"stargazers_count":0,"watchers_count":0,"language":"Dart","has_issues":true,"has_projects":true,"has_downloads":true,"has_wiki":true,"has_pages":false,"has_discussions":false,"forks_count":0,"mirror_url":null,"archived":false,"disabled":false,"open_issues_count":0,"license":null,"allow_forking":true,"is_template":false,"web_commit_signoff_required":false,"topics":[],"visibility":"public","forks":0,"open_issues":0,"watchers":0,"default_branch":"master","permissions":{"admin":true,"maintain":true,"push":true,"triage":true,"pull":true}},{"id":302921329,"node_id":"MDEwOlJlcG9zaXRvcnkzMDI5MjEzMjk=","name":"worldclock_app","full_name":"AlaaAhmed123/worldclock_app","private":false,"owner":{"login":"AlaaAhmed123","id":70155880,"node_id":"MDQ6VXNlcjcwMTU1ODgw","avatar_url":"https://avatars.githubusercontent.com/u/70155880?v=4","gravatar_id":"","url":"https://api.github.com/users/AlaaAhmed123","html_url":"https://github.com/AlaaAhmed123","followers_url":"https://api.github.com/users/AlaaAhmed123/followers","following_url":"https://api.github.com/users/AlaaAhmed123/following{/other_user}","gists_url":"https://api.github.com/users/AlaaAhmed123/gists{/gist_id}","starred_url":"https://api.github.com/users/AlaaAhmed123/starred{/owner}{/repo}","subscriptions_url":"https://api.github.com/users/AlaaAhmed123/subscriptions","organizations_url":"https://api.github.com/users/AlaaAhmed123/orgs","repos_url":"https://api.github.com/users/AlaaAhmed123/repos","events_url":"https://api.github.com/users/AlaaAhmed123/events{/privacy}","received_events_url":"https://api.github.com/users/AlaaAhmed123/received_events","type":"User","site_admin":false},"html_url":"https://github.com/AlaaAhmed123/worldclock_app","description":null,"fork":false,"url":"https://api.github.com/repos/AlaaAhmed123/worldclock_app","forks_url":"https://api.github.com/repos/AlaaAhmed123/worldclock_app/forks","keys_url":"https://api.github.com/repos/AlaaAhmed123/worldclock_app/keys{/key_id}","collaborators_url":"https://api.github.com/repos/AlaaAhmed123/worldclock_app/collaborators{/collaborator}","teams_url":"https://api.github.com/repos/AlaaAhmed123/worldclock_app/teams","hooks_url":"https://api.github.com/repos/AlaaAhmed123/worldclock_app/hooks","issue_events_url":"https://api.github.com/repos/AlaaAhmed123/worldclock_app/issues/events{/number}","events_url":"https://api.github.com/repos/AlaaAhmed123/worldclock_app/events","assignees_url":"https://api.github.com/repos/AlaaAhmed123/worldclock_app/assignees{/user}","branches_url":"https://api.github.com/repos/AlaaAhmed123/worldclock_app/branches{/branch}","tags_url":"https://api.github.com/repos/AlaaAhmed123/worldclock_app/tags","blobs_url":"https://api.github.com/repos/AlaaAhmed123/worldclock_app/git/blobs{/sha}","git_tags_url":"https://api.github.com/repos/AlaaAhmed123/worldclock_app/git/tags{/sha}","git_refs_url":"https://api.github.com/repos/AlaaAhmed123/worldclock_app/git/refs{/sha}","trees_url":"https://api.github.com/repos/AlaaAhmed123/worldclock_app/git/trees{/sha}","statuses_url":"https://api.github.com/repos/AlaaAhmed123/worldclock_app/statuses/{sha}","languages_url":"https://api.github.com/repos/AlaaAhmed123/worldclock_app/languages","stargazers_url":"https://api.github.com/repos/AlaaAhmed123/worldclock_app/stargazers","contributors_url":"https://api.github.com/repos/AlaaAhmed123/worldclock_app/contributors","subscribers_url":"https://api.github.com/repos/AlaaAhmed123/worldclock_app/subscribers","subscription_url":"https://api.github.com/repos/AlaaAhmed123/worldclock_app/subscription","commits_url":"https://api.github.com/repos/AlaaAhmed123/worldclock_app/commits{/sha}","git_commits_url":"https://api.github.com/repos/AlaaAhmed123/worldclock_app/git/commits{/sha}","comments_url":"https://api.github.com/repos/AlaaAhmed123/worldclock_app/comments{/number}","issue_comment_url":"https://api.github.com/repos/AlaaAhmed123/worldclock_app/issues/comments{/number}","contents_url":"https://api.github.com/repos/AlaaAhmed123/worldclock_app/contents/{+path}","compare_url":"https://api.github.com/repos/AlaaAhmed123/worldclock_app/compare/{base}...{head}","merges_url":"https://api.github.com/repos/AlaaAhmed123/worldclock_app/merges","archive_url":"https://api.github.com/repos/AlaaAhmed123/worldclock_app/{archive_format}{/ref}","downloads_url":"https://api.github.com/repos/AlaaAhmed123/worldclock_app/downloads","issues_url":"https://api.github.com/repos/AlaaAhmed123/worldclock_app/issues{/number}","pulls_url":"https://api.github.com/repos/AlaaAhmed123/worldclock_app/pulls{/number}","milestones_url":"https://api.github.com/repos/AlaaAhmed123/worldclock_app/milestones{/number}","notifications_url":"https://api.github.com/repos/AlaaAhmed123/worldclock_app/notifications{?since,all,participating}","labels_url":"https://api.github.com/repos/AlaaAhmed123/worldclock_app/labels{/name}","releases_url":"https://api.github.com/repos/AlaaAhmed123/worldclock_app/releases{/id}","deployments_url":"https://api.github.com/repos/AlaaAhmed123/worldclock_app/deployments","created_at":"2020-10-10T14:35:47Z","updated_at":"2020-10-13T21:20:27Z","pushed_at":"2020-10-13T21:20:24Z","git_url":"git://github.com/AlaaAhmed123/worldclock_app.git","ssh_url":"git@github.com:AlaaAhmed123/worldclock_app.git","clone_url":"https://github.com/AlaaAhmed123/worldclock_app.git","svn_url":"https://github.com/AlaaAhmed123/worldclock_app","homepage":null,"size":117,"stargazers_count":0,"watchers_count":0,"language":"Dart","has_issues":true,"has_projects":true,"has_downloads":true,"has_wiki":true,"has_pages":false,"has_discussions":false,"forks_count":0,"mirror_url":null,"archived":false,"disabled":false,"open_issues_count":0,"license":null,"allow_forking":true,"is_template":false,"web_commit_signoff_required":false,"topics":[],"visibility":"public","forks":0,"open_issues":0,"watchers":0,"default_branch":"master","permissions":{"admin":true,"maintain":true,"push":true,"triage":true,"pull":true}}] </msg>
<msg timestamp="20231106 13:49:31.823" level="INFO">To JSON using : pretty_print=False </msg>
<msg timestamp="20231106 13:49:31.825" level="INFO">${resp_data} = [{'id': 532543046, 'node_id': 'R_kgDOH732Rg', 'name': 'automation-test-script-', 'full_name': 'AlaaAhmed123/automation-test-script-', 'private': False, 'owner': {'login': 'AlaaAhmed123', 'id': 7015588...</msg>
<status status="PASS" starttime="20231106 13:49:31.819" endtime="20231106 13:49:31.825"/>
</kw>
<kw name="Log To Console" library="BuiltIn">
<arg>${resp_data}</arg>
<doc>Logs the given message to the console.</doc>
<status status="PASS" starttime="20231106 13:49:31.825" endtime="20231106 13:49:31.830"/>
</kw>
<kw name="Delete All Sessions" library="RequestsLibrary">
<doc>Removes all the session objects</doc>
<msg timestamp="20231106 13:49:31.831" level="INFO">Deleting All Sessions</msg>
<status status="PASS" starttime="20231106 13:49:31.831" endtime="20231106 13:49:31.831"/>
</kw>
<status status="PASS" starttime="20231106 13:49:30.636" endtime="20231106 13:49:31.832"/>
</test>
<status status="PASS" starttime="20231106 13:49:29.818" endtime="20231106 13:49:31.833"/>
</suite>
<status status="PASS" starttime="20231106 13:49:29.779" endtime="20231106 13:49:31.834"/>
</suite>
<statistics>
<total>
<stat pass="1" fail="0" skip="0">All Tests</stat>
</total>
<tag>
</tag>
<suite>
<stat pass="1" fail="0" skip="0" id="s1" name="Suites">Suites</stat>
<stat pass="1" fail="0" skip="0" id="s1-s1" name="Dynamic">Suites.Dynamic</stat>
</suite>
</statistics>
<errors>
<msg timestamp="20231106 13:49:31.819" level="WARN">Keyword 'RequestsLibrary.To Json' is deprecated. Please use ${resp.json()} instead. Have a look at the improved HTML output as pretty printing replacement.</msg>
</errors>
</robot>
